This file contains any messages produced by compilers while
running configure, to aid debugging if configure makes a mistake.

It was created by GeographicLib configure 1.2, which was
generated by GNU Autoconf 2.63.  Invocation command line was

  $ ./configure 

## --------- ##
## Platform. ##
## --------- ##

hostname = fixie
uname -m = x86_64
uname -r = 3.19.0-15-generic
uname -s = Linux
uname -v = #15-Ubuntu SMP Thu Apr 16 23:32:37 UTC 2015

/usr/bin/uname -p = unknown
/bin/uname -X     = unknown

/bin/arch              = unknown
/usr/bin/arch -k       = unknown
/usr/convex/getsysinfo = unknown
/usr/bin/hostinfo      = unknown
/bin/machine           = unknown
/usr/bin/oslevel       = unknown
/bin/universe          = unknown

PATH: /usr/local/sbin
PATH: /usr/local/bin
PATH: /usr/sbin
PATH: /usr/bin
PATH: /sbin
PATH: /bin


## ----------- ##
## Core tests. ##
## ----------- ##

configure:2086: checking build system type
configure:2104: result: x86_64-unknown-linux-gnu
configure:2126: checking host system type
configure:2141: result: x86_64-unknown-linux-gnu
configure:2163: checking target system type
configure:2178: result: x86_64-unknown-linux-gnu
configure:2225: checking for a BSD-compatible install
configure:2293: result: /usr/bin/install -c
configure:2304: checking whether build environment is sane
configure:2364: result: yes
configure:2505: checking for a thread-safe mkdir -p
configure:2544: result: /bin/mkdir -p
configure:2557: checking for gawk
configure:2573: found /usr/bin/gawk
configure:2584: result: gawk
configure:2595: checking whether make sets $(MAKE)
configure:2617: result: yes
configure:2701: checking whether to enable maintainer-specific portions of Makefiles
configure:2710: result: no
configure:2747: checking for style of include used by make
configure:2775: result: GNU
configure:2845: checking for gcc
configure:2861: found /usr/bin/gcc
configure:2872: result: gcc
configure:3104: checking for C compiler version
configure:3112: gcc --version >&5
gcc (Ubuntu 5.2.1-22ubuntu2) 5.2.1 20151010
Copyright (C) 2015 Free Software Foundation, Inc.
This is free software; see the source for copying conditions.  There is NO
warranty; not even for MERCHANTABILITY or FITNESS FOR A PARTICULAR PURPOSE.

configure:3116: $? = 0
configure:3123: gcc -v >&5
Using built-in specs.
COLLECT_GCC=gcc
COLLECT_LTO_WRAPPER=/usr/lib/gcc/x86_64-linux-gnu/5/lto-wrapper
Target: x86_64-linux-gnu
Configured with: ../src/configure -v --with-pkgversion='Ubuntu 5.2.1-22ubuntu2' --with-bugurl=file:///usr/share/doc/gcc-5/README.Bugs --enable-languages=c,ada,c++,java,go,d,fortran,objc,obj-c++ --prefix=/usr --program-suffix=-5 --enable-shared --enable-linker-build-id --libexecdir=/usr/lib --without-included-gettext --enable-threads=posix --libdir=/usr/lib --enable-nls --with-sysroot=/ --enable-clocale=gnu --enable-libstdcxx-debug --enable-libstdcxx-time=yes --with-default-libstdcxx-abi=new --enable-gnu-unique-object --disable-vtable-verify --enable-libmpx --enable-plugin --with-system-zlib --disable-browser-plugin --enable-java-awt=gtk --enable-gtk-cairo --with-java-home=/usr/lib/jvm/java-1.5.0-gcj-5-amd64/jre --enable-java-home --with-jvm-root-dir=/usr/lib/jvm/java-1.5.0-gcj-5-amd64 --with-jvm-jar-dir=/usr/lib/jvm-exports/java-1.5.0-gcj-5-amd64 --with-arch-directory=amd64 --with-ecj-jar=/usr/share/java/eclipse-ecj.jar --enable-objc-gc --enable-multiarch --disable-werror --with-arch-32=i686 --with-abi=m64 --with-multilib-list=m32,m64,mx32 --enable-multilib --with-tune=generic --enable-checking=release --build=x86_64-linux-gnu --host=x86_64-linux-gnu --target=x86_64-linux-gnu
Thread model: posix
gcc version 5.2.1 20151010 (Ubuntu 5.2.1-22ubuntu2) 
configure:3127: $? = 0
configure:3134: gcc -V >&5
gcc: error: unrecognized command line option '-V'
gcc: fatal error: no input files
compilation terminated.
configure:3138: $? = 1
configure:3161: checking for C compiler default output file name
configure:3183: gcc    conftest.c  >&5
configure:3187: $? = 0
configure:3225: result: a.out
configure:3244: checking whether the C compiler works
configure:3254: ./a.out
configure:3258: $? = 0
configure:3277: result: yes
configure:3284: checking whether we are cross compiling
configure:3286: result: no
configure:3289: checking for suffix of executables
configure:3296: gcc -o conftest    conftest.c  >&5
configure:3300: $? = 0
configure:3326: result: 
configure:3332: checking for suffix of object files
configure:3358: gcc -c   conftest.c >&5
configure:3362: $? = 0
configure:3387: result: o
configure:3391: checking whether we are using the GNU C compiler
configure:3420: gcc -c   conftest.c >&5
configure:3427: $? = 0
configure:3444: result: yes
configure:3453: checking whether gcc accepts -g
configure:3483: gcc -c -g  conftest.c >&5
configure:3490: $? = 0
configure:3591: result: yes
configure:3608: checking for gcc option to accept ISO C89
configure:3682: gcc  -c -g -O2  conftest.c >&5
configure:3689: $? = 0
configure:3712: result: none needed
configure:3732: checking dependency style of gcc
configure:3842: result: gcc3
configure:3862: checking how to run the C preprocessor
configure:3902: gcc -E  conftest.c
configure:3909: $? = 0
configure:3940: gcc -E  conftest.c
conftest.c:10:28: fatal error: ac_nonexistent.h: No such file or directory
compilation terminated.
configure:3947: $? = 1
configure: failed program was:
| /* confdefs.h.  */
| #define PACKAGE_NAME "GeographicLib"
| #define PACKAGE_TARNAME "geographiclib"
| #define PACKAGE_VERSION "1.2"
| #define PACKAGE_STRING "GeographicLib 1.2"
| #define PACKAGE_BUGREPORT "charles@karney.com"
| #define PACKAGE "geographiclib"
| #define VERSION "1.2"
| /* end confdefs.h.  */
| #include <ac_nonexistent.h>
configure:3980: result: gcc -E
configure:4009: gcc -E  conftest.c
configure:4016: $? = 0
configure:4047: gcc -E  conftest.c
conftest.c:10:28: fatal error: ac_nonexistent.h: No such file or directory
compilation terminated.
configure:4054: $? = 1
configure: failed program was:
| /* confdefs.h.  */
| #define PACKAGE_NAME "GeographicLib"
| #define PACKAGE_TARNAME "geographiclib"
| #define PACKAGE_VERSION "1.2"
| #define PACKAGE_STRING "GeographicLib 1.2"
| #define PACKAGE_BUGREPORT "charles@karney.com"
| #define PACKAGE "geographiclib"
| #define VERSION "1.2"
| /* end confdefs.h.  */
| #include <ac_nonexistent.h>
configure:4093: checking whether make sets $(MAKE)
configure:4115: result: yes
configure:4138: checking for a BSD-compatible install
configure:4206: result: /usr/bin/install -c
configure:4275: checking for g++
configure:4291: found /usr/bin/g++
configure:4302: result: g++
configure:4329: checking for C++ compiler version
configure:4337: g++ --version >&5
g++ (Ubuntu 5.2.1-22ubuntu2) 5.2.1 20151010
Copyright (C) 2015 Free Software Foundation, Inc.
This is free software; see the source for copying conditions.  There is NO
warranty; not even for MERCHANTABILITY or FITNESS FOR A PARTICULAR PURPOSE.

configure:4341: $? = 0
configure:4348: g++ -v >&5
Using built-in specs.
COLLECT_GCC=g++
COLLECT_LTO_WRAPPER=/usr/lib/gcc/x86_64-linux-gnu/5/lto-wrapper
Target: x86_64-linux-gnu
Configured with: ../src/configure -v --with-pkgversion='Ubuntu 5.2.1-22ubuntu2' --with-bugurl=file:///usr/share/doc/gcc-5/README.Bugs --enable-languages=c,ada,c++,java,go,d,fortran,objc,obj-c++ --prefix=/usr --program-suffix=-5 --enable-shared --enable-linker-build-id --libexecdir=/usr/lib --without-included-gettext --enable-threads=posix --libdir=/usr/lib --enable-nls --with-sysroot=/ --enable-clocale=gnu --enable-libstdcxx-debug --enable-libstdcxx-time=yes --with-default-libstdcxx-abi=new --enable-gnu-unique-object --disable-vtable-verify --enable-libmpx --enable-plugin --with-system-zlib --disable-browser-plugin --enable-java-awt=gtk --enable-gtk-cairo --with-java-home=/usr/lib/jvm/java-1.5.0-gcj-5-amd64/jre --enable-java-home --with-jvm-root-dir=/usr/lib/jvm/java-1.5.0-gcj-5-amd64 --with-jvm-jar-dir=/usr/lib/jvm-exports/java-1.5.0-gcj-5-amd64 --with-arch-directory=amd64 --with-ecj-jar=/usr/share/java/eclipse-ecj.jar --enable-objc-gc --enable-multiarch --disable-werror --with-arch-32=i686 --with-abi=m64 --with-multilib-list=m32,m64,mx32 --enable-multilib --with-tune=generic --enable-checking=release --build=x86_64-linux-gnu --host=x86_64-linux-gnu --target=x86_64-linux-gnu
Thread model: posix
gcc version 5.2.1 20151010 (Ubuntu 5.2.1-22ubuntu2) 
configure:4352: $? = 0
configure:4359: g++ -V >&5
g++: error: unrecognized command line option '-V'
g++: fatal error: no input files
compilation terminated.
configure:4363: $? = 1
configure:4366: checking whether we are using the GNU C++ compiler
configure:4395: g++ -c   conftest.cpp >&5
configure:4402: $? = 0
configure:4419: result: yes
configure:4428: checking whether g++ accepts -g
configure:4458: g++ -c -g  conftest.cpp >&5
configure:4465: $? = 0
configure:4566: result: yes
configure:4591: checking dependency style of g++
configure:4701: result: gcc3
configure:4741: checking for a sed that does not truncate output
configure:4807: result: /bin/sed
configure:4825: checking for grep that handles long lines and -e
configure:4885: result: /bin/grep
configure:4890: checking for egrep
configure:4954: result: /bin/grep -E
configure:4959: checking for fgrep
configure:5023: result: /bin/grep -F
configure:5058: checking for ld used by gcc
configure:5125: result: /usr/bin/ld
configure:5134: checking if the linker (/usr/bin/ld) is GNU ld
configure:5149: result: yes
configure:5161: checking for BSD- or MS-compatible name lister (nm)
configure:5210: result: /usr/bin/nm -B
configure:5328: checking the name lister (/usr/bin/nm -B) interface
configure:5335: gcc -c -g -O2  conftest.c >&5
configure:5338: /usr/bin/nm -B "conftest.o"
configure:5341: output
0000000000000000 B some_variable
configure:5348: result: BSD nm
configure:5351: checking whether ln -s works
configure:5355: result: yes
configure:5363: checking the maximum length of command line arguments
configure:5483: result: 1572864
configure:5500: checking whether the shell understands some XSI constructs
configure:5510: result: yes
configure:5514: checking whether the shell understands "+="
configure:5520: result: yes
configure:5555: checking for /usr/bin/ld option to reload object files
configure:5562: result: -r
configure:5631: checking for objdump
configure:5647: found /usr/bin/objdump
configure:5658: result: objdump
configure:5690: checking how to recognize dependent libraries
configure:5886: result: pass_all
configure:5946: checking for ar
configure:5962: found /usr/bin/ar
configure:5973: result: ar
configure:6051: checking for strip
configure:6067: found /usr/bin/strip
configure:6078: result: strip
configure:6150: checking for ranlib
configure:6166: found /usr/bin/ranlib
configure:6177: result: ranlib
configure:6267: checking command to parse /usr/bin/nm -B output from gcc object
configure:6385: gcc -c -g -O2  conftest.c >&5
configure:6388: $? = 0
configure:6392: /usr/bin/nm -B conftest.o \| sed -n -e 's/^.*[	 ]\([ABCDGIRSTW][ABCDGIRSTW]*\)[	 ][	 ]*\([_A-Za-z][_A-Za-z0-9]*\)$/\1 \2 \2/p' \> conftest.nm
configure:6395: $? = 0
configure:6449: gcc -o conftest -g -O2   conftest.c conftstm.o >&5
configure:6452: $? = 0
configure:6490: result: ok
configure:6586: gcc -c -g -O2  conftest.c >&5
configure:6589: $? = 0
configure:7353: checking for ANSI C header files
configure:7383: gcc -c -g -O2  conftest.c >&5
configure:7390: $? = 0
configure:7489: gcc -o conftest -g -O2   conftest.c  >&5
configure:7493: $? = 0
configure:7499: ./conftest
configure:7503: $? = 0
configure:7521: result: yes
configure:7545: checking for sys/types.h
configure:7566: gcc -c -g -O2  conftest.c >&5
configure:7573: $? = 0
configure:7590: result: yes
configure:7545: checking for sys/stat.h
configure:7566: gcc -c -g -O2  conftest.c >&5
configure:7573: $? = 0
configure:7590: result: yes
configure:7545: checking for stdlib.h
configure:7566: gcc -c -g -O2  conftest.c >&5
configure:7573: $? = 0
configure:7590: result: yes
configure:7545: checking for string.h
configure:7566: gcc -c -g -O2  conftest.c >&5
configure:7573: $? = 0
configure:7590: result: yes
configure:7545: checking for memory.h
configure:7566: gcc -c -g -O2  conftest.c >&5
configure:7573: $? = 0
configure:7590: result: yes
configure:7545: checking for strings.h
configure:7566: gcc -c -g -O2  conftest.c >&5
configure:7573: $? = 0
configure:7590: result: yes
configure:7545: checking for inttypes.h
configure:7566: gcc -c -g -O2  conftest.c >&5
configure:7573: $? = 0
configure:7590: result: yes
configure:7545: checking for stdint.h
configure:7566: gcc -c -g -O2  conftest.c >&5
configure:7573: $? = 0
configure:7590: result: yes
configure:7545: checking for unistd.h
configure:7566: gcc -c -g -O2  conftest.c >&5
configure:7573: $? = 0
configure:7590: result: yes
configure:7608: checking for dlfcn.h
configure:7629: gcc -c -g -O2  conftest.c >&5
configure:7636: $? = 0
configure:7653: result: yes
configure:7780: checking for C++ compiler version
configure:7788: g++ --version >&5
g++ (Ubuntu 5.2.1-22ubuntu2) 5.2.1 20151010
Copyright (C) 2015 Free Software Foundation, Inc.
This is free software; see the source for copying conditions.  There is NO
warranty; not even for MERCHANTABILITY or FITNESS FOR A PARTICULAR PURPOSE.

configure:7792: $? = 0
configure:7799: g++ -v >&5
Using built-in specs.
COLLECT_GCC=g++
COLLECT_LTO_WRAPPER=/usr/lib/gcc/x86_64-linux-gnu/5/lto-wrapper
Target: x86_64-linux-gnu
Configured with: ../src/configure -v --with-pkgversion='Ubuntu 5.2.1-22ubuntu2' --with-bugurl=file:///usr/share/doc/gcc-5/README.Bugs --enable-languages=c,ada,c++,java,go,d,fortran,objc,obj-c++ --prefix=/usr --program-suffix=-5 --enable-shared --enable-linker-build-id --libexecdir=/usr/lib --without-included-gettext --enable-threads=posix --libdir=/usr/lib --enable-nls --with-sysroot=/ --enable-clocale=gnu --enable-libstdcxx-debug --enable-libstdcxx-time=yes --with-default-libstdcxx-abi=new --enable-gnu-unique-object --disable-vtable-verify --enable-libmpx --enable-plugin --with-system-zlib --disable-browser-plugin --enable-java-awt=gtk --enable-gtk-cairo --with-java-home=/usr/lib/jvm/java-1.5.0-gcj-5-amd64/jre --enable-java-home --with-jvm-root-dir=/usr/lib/jvm/java-1.5.0-gcj-5-amd64 --with-jvm-jar-dir=/usr/lib/jvm-exports/java-1.5.0-gcj-5-amd64 --with-arch-directory=amd64 --with-ecj-jar=/usr/share/java/eclipse-ecj.jar --enable-objc-gc --enable-multiarch --disable-werror --with-arch-32=i686 --with-abi=m64 --with-multilib-list=m32,m64,mx32 --enable-multilib --with-tune=generic --enable-checking=release --build=x86_64-linux-gnu --host=x86_64-linux-gnu --target=x86_64-linux-gnu
Thread model: posix
gcc version 5.2.1 20151010 (Ubuntu 5.2.1-22ubuntu2) 
configure:7803: $? = 0
configure:7810: g++ -V >&5
g++: error: unrecognized command line option '-V'
g++: fatal error: no input files
compilation terminated.
configure:7814: $? = 1
configure:7817: checking whether we are using the GNU C++ compiler
configure:7870: result: yes
configure:7879: checking whether g++ accepts -g
configure:8017: result: yes
configure:8042: checking dependency style of g++
configure:8152: result: gcc3
configure:8175: checking how to run the C++ preprocessor
configure:8211: g++ -E  conftest.cpp
configure:8218: $? = 0
configure:8249: g++ -E  conftest.cpp
conftest.cpp:21:28: fatal error: ac_nonexistent.h: No such file or directory
compilation terminated.
configure:8256: $? = 1
configure: failed program was:
| /* confdefs.h.  */
| #define PACKAGE_NAME "GeographicLib"
| #define PACKAGE_TARNAME "geographiclib"
| #define PACKAGE_VERSION "1.2"
| #define PACKAGE_STRING "GeographicLib 1.2"
| #define PACKAGE_BUGREPORT "charles@karney.com"
| #define PACKAGE "geographiclib"
| #define VERSION "1.2"
| #define STDC_HEADERS 1
| #define HAVE_SYS_TYPES_H 1
| #define HAVE_SYS_STAT_H 1
| #define HAVE_STDLIB_H 1
| #define HAVE_STRING_H 1
| #define HAVE_MEMORY_H 1
| #define HAVE_STRINGS_H 1
| #define HAVE_INTTYPES_H 1
| #define HAVE_STDINT_H 1
| #define HAVE_UNISTD_H 1
| #define HAVE_DLFCN_H 1
| /* end confdefs.h.  */
| #include <ac_nonexistent.h>
configure:8289: result: g++ -E
configure:8318: g++ -E  conftest.cpp
configure:8325: $? = 0
configure:8356: g++ -E  conftest.cpp
conftest.cpp:21:28: fatal error: ac_nonexistent.h: No such file or directory
compilation terminated.
configure:8363: $? = 1
configure: failed program was:
| /* confdefs.h.  */
| #define PACKAGE_NAME "GeographicLib"
| #define PACKAGE_TARNAME "geographiclib"
| #define PACKAGE_VERSION "1.2"
| #define PACKAGE_STRING "GeographicLib 1.2"
| #define PACKAGE_BUGREPORT "charles@karney.com"
| #define PACKAGE "geographiclib"
| #define VERSION "1.2"
| #define STDC_HEADERS 1
| #define HAVE_SYS_TYPES_H 1
| #define HAVE_SYS_STAT_H 1
| #define HAVE_STDLIB_H 1
| #define HAVE_STRING_H 1
| #define HAVE_MEMORY_H 1
| #define HAVE_STRINGS_H 1
| #define HAVE_INTTYPES_H 1
| #define HAVE_STDINT_H 1
| #define HAVE_UNISTD_H 1
| #define HAVE_DLFCN_H 1
| /* end confdefs.h.  */
| #include <ac_nonexistent.h>
configure:8577: checking for objdir
configure:8592: result: .libs
configure:8888: checking if gcc supports -fno-rtti -fno-exceptions
configure:8906: gcc -c -g -O2  -fno-rtti -fno-exceptions conftest.c >&5
cc1: warning: command line option '-fno-rtti' is valid for C++/ObjC++ but not for C
configure:8910: $? = 0
configure:8923: result: no
configure:8943: checking for gcc option to produce PIC
configure:9215: result: -fPIC -DPIC
configure:9227: checking if gcc PIC flag -fPIC -DPIC works
configure:9245: gcc -c -g -O2  -fPIC -DPIC -DPIC conftest.c >&5
configure:9249: $? = 0
configure:9262: result: yes
configure:9286: checking if gcc static flag -static works
configure:9314: result: yes
configure:9329: checking if gcc supports -c -o file.o
configure:9350: gcc -c -g -O2  -o out/conftest2.o conftest.c >&5
configure:9354: $? = 0
configure:9376: result: yes
configure:9384: checking if gcc supports -c -o file.o
configure:9431: result: yes
configure:9464: checking whether the gcc linker (/usr/bin/ld -m elf_x86_64) supports shared libraries
configure:10538: result: yes
configure:10575: checking whether -lc should be explicitly linked in
configure:10580: gcc -c -g -O2  conftest.c >&5
configure:10583: $? = 0
configure:10598: gcc -shared conftest.o  -v -Wl,-soname -Wl,conftest -o conftest 2\>\&1 \| /bin/grep  -lc  \>/dev/null 2\>\&1
configure:10601: $? = 0
configure:10613: result: no
configure:10777: checking dynamic linker characteristics
configure:11220: gcc -o conftest -g -O2   -Wl,-rpath -Wl,/foo conftest.c  >&5
configure:11227: $? = 0
configure:11463: result: GNU/Linux ld.so
configure:11565: checking how to hardcode library paths into programs
configure:11590: result: immediate
configure:12423: checking whether stripping libraries is possible
configure:12428: result: yes
configure:12463: checking if libtool supports shared libraries
configure:12465: result: yes
configure:12468: checking whether to build shared libraries
configure:12489: result: yes
configure:12492: checking whether to build static libraries
configure:12496: result: yes
configure:12646: checking for ld used by g++
configure:12713: result: /usr/bin/ld -m elf_x86_64
configure:12722: checking if the linker (/usr/bin/ld -m elf_x86_64) is GNU ld
configure:12737: result: yes
configure:12792: checking whether the g++ linker (/usr/bin/ld -m elf_x86_64) supports shared libraries
configure:13767: result: yes
configure:13795: g++ -c -g -O2  conftest.cpp >&5
configure:13798: $? = 0
configure:13980: checking for g++ option to produce PIC
configure:14297: result: -fPIC -DPIC
configure:14306: checking if g++ PIC flag -fPIC -DPIC works
configure:14324: g++ -c -g -O2  -fPIC -DPIC -DPIC conftest.cpp >&5
configure:14328: $? = 0
configure:14341: result: yes
configure:14362: checking if g++ static flag -static works
configure:14390: result: yes
configure:14402: checking if g++ supports -c -o file.o
configure:14423: g++ -c -g -O2  -o out/conftest2.o conftest.cpp >&5
configure:14427: $? = 0
configure:14449: result: yes
configure:14454: checking if g++ supports -c -o file.o
configure:14501: result: yes
configure:14531: checking whether the g++ linker (/usr/bin/ld -m elf_x86_64) supports shared libraries
configure:14557: result: yes
configure:14694: checking dynamic linker characteristics
configure:15085: g++ -o conftest -g -O2   -Wl,-rpath -Wl,/foo conftest.cpp  >&5
configure:15092: $? = 0
configure:15328: result: GNU/Linux ld.so
configure:15379: checking how to hardcode library paths into programs
configure:15404: result: immediate
configure:15480: checking float.h usability
configure:15497: gcc -c -g -O2  conftest.c >&5
configure:15504: $? = 0
configure:15518: result: yes
configure:15522: checking float.h presence
configure:15537: gcc -E  conftest.c
configure:15544: $? = 0
configure:15558: result: yes
configure:15591: checking for float.h
configure:15600: result: yes
configure:15617: checking for stdbool.h that conforms to C99
configure:15712: gcc -c -g -O2  conftest.c >&5
configure:15719: $? = 0
configure:15734: result: yes
configure:15736: checking for _Bool
configure:15764: gcc -c -g -O2  conftest.c >&5
configure:15771: $? = 0
configure:15798: gcc -c -g -O2  conftest.c >&5
conftest.c: In function 'main':
conftest.c:59:20: error: expected expression before ')' token
 if (sizeof ((_Bool)))
                    ^
configure:15805: $? = 1
configure: failed program was:
| /* confdefs.h.  */
| #define PACKAGE_NAME "GeographicLib"
| #define PACKAGE_TARNAME "geographiclib"
| #define PACKAGE_VERSION "1.2"
| #define PACKAGE_STRING "GeographicLib 1.2"
| #define PACKAGE_BUGREPORT "charles@karney.com"
| #define PACKAGE "geographiclib"
| #define VERSION "1.2"
| #define STDC_HEADERS 1
| #define HAVE_SYS_TYPES_H 1
| #define HAVE_SYS_STAT_H 1
| #define HAVE_STDLIB_H 1
| #define HAVE_STRING_H 1
| #define HAVE_MEMORY_H 1
| #define HAVE_STRINGS_H 1
| #define HAVE_INTTYPES_H 1
| #define HAVE_STDINT_H 1
| #define HAVE_UNISTD_H 1
| #define HAVE_DLFCN_H 1
| #define LT_OBJDIR ".libs/"
| #define HAVE_FLOAT_H 1
| /* end confdefs.h.  */
| #include <stdio.h>
| #ifdef HAVE_SYS_TYPES_H
| # include <sys/types.h>
| #endif
| #ifdef HAVE_SYS_STAT_H
| # include <sys/stat.h>
| #endif
| #ifdef STDC_HEADERS
| # include <stdlib.h>
| # include <stddef.h>
| #else
| # ifdef HAVE_STDLIB_H
| #  include <stdlib.h>
| # endif
| #endif
| #ifdef HAVE_STRING_H
| # if !defined STDC_HEADERS && defined HAVE_MEMORY_H
| #  include <memory.h>
| # endif
| # include <string.h>
| #endif
| #ifdef HAVE_STRINGS_H
| # include <strings.h>
| #endif
| #ifdef HAVE_INTTYPES_H
| # include <inttypes.h>
| #endif
| #ifdef HAVE_STDINT_H
| # include <stdint.h>
| #endif
| #ifdef HAVE_UNISTD_H
| # include <unistd.h>
| #endif
| int
| main ()
| {
| if (sizeof ((_Bool)))
| 	  return 0;
|   ;
|   return 0;
| }
configure:15828: result: yes
configure:15847: checking for inline
configure:15873: gcc -c -g -O2  conftest.c >&5
configure:15880: $? = 0
configure:15898: result: inline
configure:15919: checking for working strtod
configure:15970: gcc -o conftest -g -O2   conftest.c  >&5
configure:15974: $? = 0
configure:15980: ./conftest
configure:15984: $? = 0
configure:16001: result: yes
configure:16177: checking for strtol
configure:16233: gcc -o conftest -g -O2   conftest.c  >&5
configure:16240: $? = 0
configure:16262: result: yes
configure:16274: checking for library containing floor
configure:16315: gcc -o conftest -g -O2   conftest.c  >&5
conftest.c:33:6: warning: conflicting types for built-in function 'floor'
 char floor ();
      ^
/tmp/ccYy4ata.o: In function `main':
/home/florent/Projets/rif/iTETRIS_Platform_0.2.0/iCS/libs/geographiclib-1.2/conftest.c:37: undefined reference to `floor'
collect2: error: ld returned 1 exit status
configure:16322: $? = 1
configure: failed program was:
| /* confdefs.h.  */
| #define PACKAGE_NAME "GeographicLib"
| #define PACKAGE_TARNAME "geographiclib"
| #define PACKAGE_VERSION "1.2"
| #define PACKAGE_STRING "GeographicLib 1.2"
| #define PACKAGE_BUGREPORT "charles@karney.com"
| #define PACKAGE "geographiclib"
| #define VERSION "1.2"
| #define STDC_HEADERS 1
| #define HAVE_SYS_TYPES_H 1
| #define HAVE_SYS_STAT_H 1
| #define HAVE_STDLIB_H 1
| #define HAVE_STRING_H 1
| #define HAVE_MEMORY_H 1
| #define HAVE_STRINGS_H 1
| #define HAVE_INTTYPES_H 1
| #define HAVE_STDINT_H 1
| #define HAVE_UNISTD_H 1
| #define HAVE_DLFCN_H 1
| #define LT_OBJDIR ".libs/"
| #define HAVE_FLOAT_H 1
| #define HAVE__BOOL 1
| #define HAVE_STDBOOL_H 1
| #define HAVE_STRTOL 1
| /* end confdefs.h.  */
| 
| /* Override any GCC internal prototype to avoid an error.
|    Use char because int might match the return type of a GCC
|    builtin and then its argument prototype would still apply.  */
| #ifdef __cplusplus
| extern "C"
| #endif
| char floor ();
| int
| main ()
| {
| return floor ();
|   ;
|   return 0;
| }
configure:16315: gcc -o conftest -g -O2   conftest.c -lm   >&5
conftest.c:33:6: warning: conflicting types for built-in function 'floor'
 char floor ();
      ^
configure:16322: $? = 0
configure:16353: result: -lm
configure:16361: checking for library containing pow
configure:16402: gcc -o conftest -g -O2   conftest.c -lm  >&5
conftest.c:33:6: warning: conflicting types for built-in function 'pow'
 char pow ();
      ^
configure:16409: $? = 0
configure:16440: result: none required
configure:16448: checking for library containing sqrt
configure:16489: gcc -o conftest -g -O2   conftest.c -lm  >&5
conftest.c:33:6: warning: conflicting types for built-in function 'sqrt'
 char sqrt ();
      ^
configure:16496: $? = 0
configure:16527: result: none required
configure:16683: creating ./config.status

## ---------------------- ##
## Running config.status. ##
## ---------------------- ##

This file was extended by GeographicLib config.status 1.2, which was
generated by GNU Autoconf 2.63.  Invocation command line was

  CONFIG_FILES    = 
  CONFIG_HEADERS  = 
  CONFIG_LINKS    = 
  CONFIG_COMMANDS = 
  $ ./config.status 

on fixie

config.status:1064: creating Makefile
config.status:1064: creating src/Makefile
config.status:1064: creating include/Makefile
config.status:1064: creating tools/Makefile
config.status:1064: creating doc/Makefile
config.status:1064: creating config.h
config.status:1338: executing depfiles commands
config.status:1338: executing libtool commands

## ---------------- ##
## Cache variables. ##
## ---------------- ##

ac_cv_build=x86_64-unknown-linux-gnu
ac_cv_c_compiler_gnu=yes
ac_cv_c_inline=inline
ac_cv_cxx_compiler_gnu=yes
ac_cv_env_CCC_set=
ac_cv_env_CCC_value=
ac_cv_env_CC_set=
ac_cv_env_CC_value=
ac_cv_env_CFLAGS_set=
ac_cv_env_CFLAGS_value=
ac_cv_env_CPPFLAGS_set=
ac_cv_env_CPPFLAGS_value=
ac_cv_env_CPP_set=
ac_cv_env_CPP_value=
ac_cv_env_CXXCPP_set=
ac_cv_env_CXXCPP_value=
ac_cv_env_CXXFLAGS_set=
ac_cv_env_CXXFLAGS_value=
ac_cv_env_CXX_set=
ac_cv_env_CXX_value=
ac_cv_env_LDFLAGS_set=
ac_cv_env_LDFLAGS_value=
ac_cv_env_LIBS_set=
ac_cv_env_LIBS_value=
ac_cv_env_build_alias_set=
ac_cv_env_build_alias_value=
ac_cv_env_host_alias_set=
ac_cv_env_host_alias_value=
ac_cv_env_target_alias_set=
ac_cv_env_target_alias_value=
ac_cv_func_strtod=yes
ac_cv_func_strtol=yes
ac_cv_header_dlfcn_h=yes
ac_cv_header_float_h=yes
ac_cv_header_inttypes_h=yes
ac_cv_header_memory_h=yes
ac_cv_header_stdbool_h=yes
ac_cv_header_stdc=yes
ac_cv_header_stdint_h=yes
ac_cv_header_stdlib_h=yes
ac_cv_header_string_h=yes
ac_cv_header_strings_h=yes
ac_cv_header_sys_stat_h=yes
ac_cv_header_sys_types_h=yes
ac_cv_header_unistd_h=yes
ac_cv_host=x86_64-unknown-linux-gnu
ac_cv_objext=o
ac_cv_path_EGREP='/bin/grep -E'
ac_cv_path_FGREP='/bin/grep -F'
ac_cv_path_GREP=/bin/grep
ac_cv_path_SED=/bin/sed
ac_cv_path_install='/usr/bin/install -c'
ac_cv_path_mkdir=/bin/mkdir
ac_cv_prog_AWK=gawk
ac_cv_prog_CPP='gcc -E'
ac_cv_prog_CXXCPP='g++ -E'
ac_cv_prog_ac_ct_AR=ar
ac_cv_prog_ac_ct_CC=gcc
ac_cv_prog_ac_ct_CXX=g++
ac_cv_prog_ac_ct_OBJDUMP=objdump
ac_cv_prog_ac_ct_RANLIB=ranlib
ac_cv_prog_ac_ct_STRIP=strip
ac_cv_prog_cc_c89=
ac_cv_prog_cc_g=yes
ac_cv_prog_cxx_g=yes
ac_cv_prog_make_make_set=yes
ac_cv_search_floor=-lm
ac_cv_search_pow='none required'
ac_cv_search_sqrt='none required'
ac_cv_target=x86_64-unknown-linux-gnu
ac_cv_type__Bool=yes
am_cv_CC_dependencies_compiler_type=gcc3
am_cv_CXX_dependencies_compiler_type=gcc3
lt_cv_deplibs_check_method=pass_all
lt_cv_file_magic_cmd='$MAGIC_CMD'
lt_cv_file_magic_test_file=
lt_cv_ld_reload_flag=-r
lt_cv_nm_interface='BSD nm'
lt_cv_objdir=.libs
lt_cv_path_LD=/usr/bin/ld
lt_cv_path_LDCXX='/usr/bin/ld -m elf_x86_64'
lt_cv_path_NM='/usr/bin/nm -B'
lt_cv_prog_compiler_c_o=yes
lt_cv_prog_compiler_c_o_CXX=yes
lt_cv_prog_compiler_pic_works=yes
lt_cv_prog_compiler_pic_works_CXX=yes
lt_cv_prog_compiler_rtti_exceptions=no
lt_cv_prog_compiler_static_works=yes
lt_cv_prog_compiler_static_works_CXX=yes
lt_cv_prog_gnu_ld=yes
lt_cv_prog_gnu_ldcxx=yes
lt_cv_sys_global_symbol_pipe='sed -n -e '\''s/^.*[	 ]\([ABCDGIRSTW][ABCDGIRSTW]*\)[	 ][	 ]*\([_A-Za-z][_A-Za-z0-9]*\)$/\1 \2 \2/p'\'''
lt_cv_sys_global_symbol_to_c_name_address='sed -n -e '\''s/^: \([^ ]*\) $/  {\"\1\", (void *) 0},/p'\'' -e '\''s/^[ABCDGIRSTW]* \([^ ]*\) \([^ ]*\)$/  {"\2", (void *) \&\2},/p'\'''
lt_cv_sys_global_symbol_to_c_name_address_lib_prefix='sed -n -e '\''s/^: \([^ ]*\) $/  {\"\1\", (void *) 0},/p'\'' -e '\''s/^[ABCDGIRSTW]* \([^ ]*\) \(lib[^ ]*\)$/  {"\2", (void *) \&\2},/p'\'' -e '\''s/^[ABCDGIRSTW]* \([^ ]*\) \([^ ]*\)$/  {"lib\2", (void *) \&\2},/p'\'''
lt_cv_sys_global_symbol_to_cdecl='sed -n -e '\''s/^T .* \(.*\)$/extern int \1();/p'\'' -e '\''s/^[ABCDGIRSTW]* .* \(.*\)$/extern char \1;/p'\'''
lt_cv_sys_max_cmd_len=1572864

## ----------------- ##
## Output variables. ##
## ----------------- ##

ACLOCAL='${SHELL} /home/florent/Projets/rif/iTETRIS_Platform_0.2.0/iCS/libs/geographiclib-1.2/missing --run aclocal-1.11'
AMDEPBACKSLASH='\'
AMDEP_FALSE='#'
AMDEP_TRUE=''
AMTAR='${SHELL} /home/florent/Projets/rif/iTETRIS_Platform_0.2.0/iCS/libs/geographiclib-1.2/missing --run tar'
AR='ar'
AUTOCONF='${SHELL} /home/florent/Projets/rif/iTETRIS_Platform_0.2.0/iCS/libs/geographiclib-1.2/missing --run autoconf'
AUTOHEADER='${SHELL} /home/florent/Projets/rif/iTETRIS_Platform_0.2.0/iCS/libs/geographiclib-1.2/missing --run autoheader'
AUTOMAKE='${SHELL} /home/florent/Projets/rif/iTETRIS_Platform_0.2.0/iCS/libs/geographiclib-1.2/missing --run automake-1.11'
AWK='gawk'
CC='gcc'
CCDEPMODE='depmode=gcc3'
CFLAGS='-g -O2'
CPP='gcc -E'
CPPFLAGS=''
CXX='g++'
CXXCPP='g++ -E'
CXXDEPMODE='depmode=gcc3'
CXXFLAGS='-g -O2'
CYGPATH_W='echo'
DEFS='-DHAVE_CONFIG_H'
DEPDIR='.deps'
DSYMUTIL=''
DUMPBIN=''
ECHO_C=''
ECHO_N='-n'
ECHO_T=''
EGREP='/bin/grep -E'
EXEEXT=''
FGREP='/bin/grep -F'
GREP='/bin/grep'
INSTALL_DATA='${INSTALL} -m 644'
INSTALL_PROGRAM='${INSTALL}'
INSTALL_SCRIPT='${INSTALL}'
INSTALL_STRIP_PROGRAM='$(install_sh) -c -s'
LD='/usr/bin/ld -m elf_x86_64'
LDFLAGS=''
LIBOBJS=''
LIBS='-lm '
LIBTOOL='$(SHELL) $(top_builddir)/libtool'
LIPO=''
LN_S='ln -s'
LTLIBOBJS=''
LT_AGE='1'
LT_CURRENT='2'
LT_REVISION='0'
MAINT='#'
MAINTAINER_MODE_FALSE=''
MAINTAINER_MODE_TRUE='#'
MAKEINFO='${SHELL} /home/florent/Projets/rif/iTETRIS_Platform_0.2.0/iCS/libs/geographiclib-1.2/missing --run makeinfo'
MKDIR_P='/bin/mkdir -p'
NM='/usr/bin/nm -B'
NMEDIT=''
OBJDUMP='objdump'
OBJEXT='o'
OTOOL64=''
OTOOL=''
PACKAGE='geographiclib'
PACKAGE_BUGREPORT='charles@karney.com'
PACKAGE_NAME='GeographicLib'
PACKAGE_STRING='GeographicLib 1.2'
PACKAGE_TARNAME='geographiclib'
PACKAGE_VERSION='1.2'
PATH_SEPARATOR=':'
POW_LIB=''
RANLIB='ranlib'
SED='/bin/sed'
SET_MAKE=''
SHELL='/bin/bash'
STRIP='strip'
VERSION='1.2'
ac_ct_CC='gcc'
ac_ct_CXX='g++'
ac_ct_DUMPBIN=''
am__EXEEXT_FALSE=''
am__EXEEXT_TRUE='#'
am__fastdepCC_FALSE='#'
am__fastdepCC_TRUE=''
am__fastdepCXX_FALSE='#'
am__fastdepCXX_TRUE=''
am__include='include'
am__isrc=''
am__leading_dot='.'
am__quote=''
am__tar='${AMTAR} chof - "$$tardir"'
am__untar='${AMTAR} xf -'
bindir='${exec_prefix}/bin'
build='x86_64-unknown-linux-gnu'
build_alias=''
build_cpu='x86_64'
build_os='linux-gnu'
build_vendor='unknown'
datadir='${datarootdir}'
datarootdir='${prefix}/share'
docdir='${datarootdir}/doc/${PACKAGE_TARNAME}'
dvidir='${docdir}'
exec_prefix='${prefix}'
host='x86_64-unknown-linux-gnu'
host_alias=''
host_cpu='x86_64'
host_os='linux-gnu'
host_vendor='unknown'
htmldir='${docdir}'
includedir='${prefix}/include'
infodir='${datarootdir}/info'
install_sh='${SHELL} /home/florent/Projets/rif/iTETRIS_Platform_0.2.0/iCS/libs/geographiclib-1.2/install-sh'
libdir='${exec_prefix}/lib'
libexecdir='${exec_prefix}/libexec'
localedir='${datarootdir}/locale'
localstatedir='${prefix}/var'
lt_ECHO='echo'
mandir='${datarootdir}/man'
mkdir_p='/bin/mkdir -p'
oldincludedir='/usr/include'
pdfdir='${docdir}'
prefix='/usr/local'
program_transform_name='s,x,x,'
psdir='${docdir}'
sbindir='${exec_prefix}/sbin'
sharedstatedir='${prefix}/com'
sysconfdir='${prefix}/etc'
target='x86_64-unknown-linux-gnu'
target_alias=''
target_cpu='x86_64'
target_os='linux-gnu'
target_vendor='unknown'

## ----------- ##
## confdefs.h. ##
## ----------- ##

#define PACKAGE_NAME "GeographicLib"
#define PACKAGE_TARNAME "geographiclib"
#define PACKAGE_VERSION "1.2"
#define PACKAGE_STRING "GeographicLib 1.2"
#define PACKAGE_BUGREPORT "charles@karney.com"
#define PACKAGE "geographiclib"
#define VERSION "1.2"
#define STDC_HEADERS 1
#define HAVE_SYS_TYPES_H 1
#define HAVE_SYS_STAT_H 1
#define HAVE_STDLIB_H 1
#define HAVE_STRING_H 1
#define HAVE_MEMORY_H 1
#define HAVE_STRINGS_H 1
#define HAVE_INTTYPES_H 1
#define HAVE_STDINT_H 1
#define HAVE_UNISTD_H 1
#define HAVE_DLFCN_H 1
#define LT_OBJDIR ".libs/"
#define HAVE_FLOAT_H 1
#define HAVE__BOOL 1
#define HAVE_STDBOOL_H 1
#define HAVE_STRTOL 1

configure: exit 0
