This file contains any messages produced by compilers while
running configure, to aid debugging if configure makes a mistake.

It was created by sumo configure 0.25.0, which was
generated by GNU Autoconf 2.69.  Invocation command line was

  $ ./configure --with-xerces-libraries=/usr/local/lib --with-xerces-includes=/usr/local/include/xercesc

## --------- ##
## Platform. ##
## --------- ##

hostname = fixie
uname -m = x86_64
uname -r = 3.19.0-15-generic
uname -s = Linux
uname -v = #15-Ubuntu SMP Thu Apr 16 23:32:37 UTC 2015

/usr/bin/uname -p = unknown
/bin/uname -X     = unknown

/bin/arch              = unknown
/usr/bin/arch -k       = unknown
/usr/convex/getsysinfo = unknown
/usr/bin/hostinfo      = unknown
/bin/machine           = unknown
/usr/bin/oslevel       = unknown
/bin/universe          = unknown

PATH: /usr/local/sbin
PATH: /usr/local/bin
PATH: /usr/sbin
PATH: /usr/bin
PATH: /sbin
PATH: /bin


## ----------- ##
## Core tests. ##
## ----------- ##

configure:2629: checking build system type
configure:2643: result: x86_64-unknown-linux-gnu
configure:2663: checking host system type
configure:2676: result: x86_64-unknown-linux-gnu
configure:2696: checking target system type
configure:2709: result: x86_64-unknown-linux-gnu
configure:2756: checking for a BSD-compatible install
configure:2824: result: /usr/bin/install -c
configure:2835: checking whether build environment is sane
configure:2890: result: yes
configure:3041: checking for a thread-safe mkdir -p
configure:3080: result: /bin/mkdir -p
configure:3087: checking for gawk
configure:3103: found /usr/bin/gawk
configure:3114: result: gawk
configure:3125: checking whether make sets $(MAKE)
configure:3147: result: yes
configure:3176: checking whether make supports nested variables
configure:3193: result: yes
configure:3282: checking whether UID '0' is supported by ustar format
configure:3285: result: yes
configure:3292: checking whether GID '0' is supported by ustar format
configure:3295: result: yes
configure:3303: checking how to create a ustar tar archive
configure:3314: tar --version
tar (GNU tar) 1.27.1
Copyright (C) 2013 Free Software Foundation, Inc.
License GPLv3+: GNU GPL version 3 or later <http://gnu.org/licenses/gpl.html>.
This is free software: you are free to change and redistribute it.
There is NO WARRANTY, to the extent permitted by law.

Written by John Gilmore and Jay Fenlason.
configure:3317: $? = 0
configure:3357: tardir=conftest.dir && eval tar --format=ustar -chf - "$tardir" >conftest.tar
configure:3360: $? = 0
configure:3364: tar -xf - <conftest.tar
configure:3367: $? = 0
configure:3369: cat conftest.dir/file
GrepMe
configure:3372: $? = 0
configure:3385: result: gnutar
configure:3526: checking for gcc
configure:3542: found /usr/bin/gcc
configure:3553: result: gcc
configure:3782: checking for C compiler version
configure:3791: gcc --version >&5
gcc (Ubuntu 5.2.1-22ubuntu2) 5.2.1 20151010
Copyright (C) 2015 Free Software Foundation, Inc.
This is free software; see the source for copying conditions.  There is NO
warranty; not even for MERCHANTABILITY or FITNESS FOR A PARTICULAR PURPOSE.

configure:3802: $? = 0
configure:3791: gcc -v >&5
Using built-in specs.
COLLECT_GCC=gcc
COLLECT_LTO_WRAPPER=/usr/lib/gcc/x86_64-linux-gnu/5/lto-wrapper
Target: x86_64-linux-gnu
Configured with: ../src/configure -v --with-pkgversion='Ubuntu 5.2.1-22ubuntu2' --with-bugurl=file:///usr/share/doc/gcc-5/README.Bugs --enable-languages=c,ada,c++,java,go,d,fortran,objc,obj-c++ --prefix=/usr --program-suffix=-5 --enable-shared --enable-linker-build-id --libexecdir=/usr/lib --without-included-gettext --enable-threads=posix --libdir=/usr/lib --enable-nls --with-sysroot=/ --enable-clocale=gnu --enable-libstdcxx-debug --enable-libstdcxx-time=yes --with-default-libstdcxx-abi=new --enable-gnu-unique-object --disable-vtable-verify --enable-libmpx --enable-plugin --with-system-zlib --disable-browser-plugin --enable-java-awt=gtk --enable-gtk-cairo --with-java-home=/usr/lib/jvm/java-1.5.0-gcj-5-amd64/jre --enable-java-home --with-jvm-root-dir=/usr/lib/jvm/java-1.5.0-gcj-5-amd64 --with-jvm-jar-dir=/usr/lib/jvm-exports/java-1.5.0-gcj-5-amd64 --with-arch-directory=amd64 --with-ecj-jar=/usr/share/java/eclipse-ecj.jar --enable-objc-gc --enable-multiarch --disable-werror --with-arch-32=i686 --with-abi=m64 --with-multilib-list=m32,m64,mx32 --enable-multilib --with-tune=generic --enable-checking=release --build=x86_64-linux-gnu --host=x86_64-linux-gnu --target=x86_64-linux-gnu
Thread model: posix
gcc version 5.2.1 20151010 (Ubuntu 5.2.1-22ubuntu2) 
configure:3802: $? = 0
configure:3791: gcc -V >&5
gcc: error: unrecognized command line option '-V'
gcc: fatal error: no input files
compilation terminated.
configure:3802: $? = 1
configure:3791: gcc -qversion >&5
gcc: error: unrecognized command line option '-qversion'
gcc: fatal error: no input files
compilation terminated.
configure:3802: $? = 1
configure:3822: checking whether the C compiler works
configure:3844: gcc    conftest.c  >&5
configure:3848: $? = 0
configure:3896: result: yes
configure:3899: checking for C compiler default output file name
configure:3901: result: a.out
configure:3907: checking for suffix of executables
configure:3914: gcc -o conftest    conftest.c  >&5
configure:3918: $? = 0
configure:3940: result: 
configure:3962: checking whether we are cross compiling
configure:3970: gcc -o conftest    conftest.c  >&5
configure:3974: $? = 0
configure:3981: ./conftest
configure:3985: $? = 0
configure:4000: result: no
configure:4005: checking for suffix of object files
configure:4027: gcc -c   conftest.c >&5
configure:4031: $? = 0
configure:4052: result: o
configure:4056: checking whether we are using the GNU C compiler
configure:4075: gcc -c   conftest.c >&5
configure:4075: $? = 0
configure:4084: result: yes
configure:4093: checking whether gcc accepts -g
configure:4113: gcc -c -g  conftest.c >&5
configure:4113: $? = 0
configure:4154: result: yes
configure:4171: checking for gcc option to accept ISO C89
configure:4234: gcc  -c -g -O2  conftest.c >&5
configure:4234: $? = 0
configure:4247: result: none needed
configure:4272: checking whether gcc understands -c and -o together
configure:4294: gcc -c conftest.c -o conftest2.o
configure:4297: $? = 0
configure:4294: gcc -c conftest.c -o conftest2.o
configure:4297: $? = 0
configure:4309: result: yes
configure:4337: checking for style of include used by make
configure:4365: result: GNU
configure:4391: checking dependency style of gcc
configure:4502: result: gcc3
configure:4522: checking how to run the C preprocessor
configure:4553: gcc -E  conftest.c
configure:4553: $? = 0
configure:4567: gcc -E  conftest.c
conftest.c:11:28: fatal error: ac_nonexistent.h: No such file or directory
compilation terminated.
configure:4567: $? = 1
configure: failed program was:
| /* confdefs.h */
| #define PACKAGE_NAME "sumo"
| #define PACKAGE_TARNAME "sumo"
| #define PACKAGE_VERSION "0.25.0"
| #define PACKAGE_STRING "sumo 0.25.0"
| #define PACKAGE_BUGREPORT ""
| #define PACKAGE_URL ""
| #define PACKAGE "sumo"
| #define VERSION "0.25.0"
| /* end confdefs.h.  */
| #include <ac_nonexistent.h>
configure:4592: result: gcc -E
configure:4612: gcc -E  conftest.c
configure:4612: $? = 0
configure:4626: gcc -E  conftest.c
conftest.c:11:28: fatal error: ac_nonexistent.h: No such file or directory
compilation terminated.
configure:4626: $? = 1
configure: failed program was:
| /* confdefs.h */
| #define PACKAGE_NAME "sumo"
| #define PACKAGE_TARNAME "sumo"
| #define PACKAGE_VERSION "0.25.0"
| #define PACKAGE_STRING "sumo 0.25.0"
| #define PACKAGE_BUGREPORT ""
| #define PACKAGE_URL ""
| #define PACKAGE "sumo"
| #define VERSION "0.25.0"
| /* end confdefs.h.  */
| #include <ac_nonexistent.h>
configure:4712: checking for g++
configure:4728: found /usr/bin/g++
configure:4739: result: g++
configure:4766: checking for C++ compiler version
configure:4775: g++ --version >&5
g++ (Ubuntu 5.2.1-22ubuntu2) 5.2.1 20151010
Copyright (C) 2015 Free Software Foundation, Inc.
This is free software; see the source for copying conditions.  There is NO
warranty; not even for MERCHANTABILITY or FITNESS FOR A PARTICULAR PURPOSE.

configure:4786: $? = 0
configure:4775: g++ -v >&5
Using built-in specs.
COLLECT_GCC=g++
COLLECT_LTO_WRAPPER=/usr/lib/gcc/x86_64-linux-gnu/5/lto-wrapper
Target: x86_64-linux-gnu
Configured with: ../src/configure -v --with-pkgversion='Ubuntu 5.2.1-22ubuntu2' --with-bugurl=file:///usr/share/doc/gcc-5/README.Bugs --enable-languages=c,ada,c++,java,go,d,fortran,objc,obj-c++ --prefix=/usr --program-suffix=-5 --enable-shared --enable-linker-build-id --libexecdir=/usr/lib --without-included-gettext --enable-threads=posix --libdir=/usr/lib --enable-nls --with-sysroot=/ --enable-clocale=gnu --enable-libstdcxx-debug --enable-libstdcxx-time=yes --with-default-libstdcxx-abi=new --enable-gnu-unique-object --disable-vtable-verify --enable-libmpx --enable-plugin --with-system-zlib --disable-browser-plugin --enable-java-awt=gtk --enable-gtk-cairo --with-java-home=/usr/lib/jvm/java-1.5.0-gcj-5-amd64/jre --enable-java-home --with-jvm-root-dir=/usr/lib/jvm/java-1.5.0-gcj-5-amd64 --with-jvm-jar-dir=/usr/lib/jvm-exports/java-1.5.0-gcj-5-amd64 --with-arch-directory=amd64 --with-ecj-jar=/usr/share/java/eclipse-ecj.jar --enable-objc-gc --enable-multiarch --disable-werror --with-arch-32=i686 --with-abi=m64 --with-multilib-list=m32,m64,mx32 --enable-multilib --with-tune=generic --enable-checking=release --build=x86_64-linux-gnu --host=x86_64-linux-gnu --target=x86_64-linux-gnu
Thread model: posix
gcc version 5.2.1 20151010 (Ubuntu 5.2.1-22ubuntu2) 
configure:4786: $? = 0
configure:4775: g++ -V >&5
g++: error: unrecognized command line option '-V'
g++: fatal error: no input files
compilation terminated.
configure:4786: $? = 1
configure:4775: g++ -qversion >&5
g++: error: unrecognized command line option '-qversion'
g++: fatal error: no input files
compilation terminated.
configure:4786: $? = 1
configure:4790: checking whether we are using the GNU C++ compiler
configure:4809: g++ -c -O2 -DNDEBUG -msse2 -mfpmath=sse   conftest.cpp >&5
configure:4809: $? = 0
configure:4818: result: yes
configure:4827: checking whether g++ accepts -g
configure:4847: g++ -c -g  conftest.cpp >&5
configure:4847: $? = 0
configure:4888: result: yes
configure:4913: checking dependency style of g++
configure:5024: result: gcc3
configure:5040: checking whether ln -s works
configure:5044: result: yes
configure:5051: checking whether make sets $(MAKE)
configure:5073: result: yes
configure:5126: checking for ranlib
configure:5142: found /usr/bin/ranlib
configure:5153: result: ranlib
configure:5221: checking how to print strings
configure:5248: result: printf
configure:5269: checking for a sed that does not truncate output
configure:5333: result: /bin/sed
configure:5351: checking for grep that handles long lines and -e
configure:5409: result: /bin/grep
configure:5414: checking for egrep
configure:5476: result: /bin/grep -E
configure:5481: checking for fgrep
configure:5543: result: /bin/grep -F
configure:5578: checking for ld used by gcc
configure:5645: result: /usr/bin/ld
configure:5652: checking if the linker (/usr/bin/ld) is GNU ld
configure:5667: result: yes
configure:5679: checking for BSD- or MS-compatible name lister (nm)
configure:5728: result: /usr/bin/nm -B
configure:5858: checking the name lister (/usr/bin/nm -B) interface
configure:5865: g++ -c -O2 -DNDEBUG -msse2 -mfpmath=sse   conftest.cpp >&5
configure:5868: /usr/bin/nm -B "conftest.o"
configure:5871: output
0000000000000000 B some_variable
configure:5878: result: BSD nm
configure:5882: checking the maximum length of command line arguments
configure:6013: result: 1572864
configure:6030: checking whether the shell understands some XSI constructs
configure:6040: result: yes
configure:6044: checking whether the shell understands "+="
configure:6050: result: yes
configure:6085: checking how to convert x86_64-unknown-linux-gnu file names to x86_64-unknown-linux-gnu format
configure:6125: result: func_convert_file_noop
configure:6132: checking how to convert x86_64-unknown-linux-gnu file names to toolchain format
configure:6152: result: func_convert_file_noop
configure:6159: checking for /usr/bin/ld option to reload object files
configure:6166: result: -r
configure:6240: checking for objdump
configure:6256: found /usr/bin/objdump
configure:6267: result: objdump
configure:6299: checking how to recognize dependent libraries
configure:6497: result: pass_all
configure:6582: checking for dlltool
configure:6612: result: no
configure:6642: checking how to associate runtime and link libraries
configure:6669: result: printf %s\n
configure:6730: checking for ar
configure:6746: found /usr/bin/ar
configure:6757: result: ar
configure:6794: checking for archiver @FILE support
configure:6811: g++ -c -O2 -DNDEBUG -msse2 -mfpmath=sse   conftest.cpp >&5
configure:6811: $? = 0
configure:6814: ar cru libconftest.a @conftest.lst >&5
ar: `u' modifier ignored since `D' is the default (see `U')
configure:6817: $? = 0
configure:6822: ar cru libconftest.a @conftest.lst >&5
ar: `u' modifier ignored since `D' is the default (see `U')
ar: conftest.o: No such file or directory
configure:6825: $? = 1
configure:6837: result: @
configure:6895: checking for strip
configure:6911: found /usr/bin/strip
configure:6922: result: strip
configure:6994: checking for ranlib
configure:7021: result: ranlib
configure:7123: checking command to parse /usr/bin/nm -B output from gcc object
configure:7243: g++ -c -O2 -DNDEBUG -msse2 -mfpmath=sse   conftest.cpp >&5
configure:7246: $? = 0
configure:7250: /usr/bin/nm -B conftest.o \| sed -n -e 's/^.*[ ]\([ABCDGIRSTW][ABCDGIRSTW]*\)[ ][ ]*\([_A-Za-z][_A-Za-z0-9]*\)$/\1 \2 \2/p' | sed '/ __gnu_lto/d' \> conftest.nm
configure:7253: $? = 0
configure:7319: g++ -o conftest -O2 -DNDEBUG -msse2 -mfpmath=sse    conftest.cpp conftstm.o >&5
configure:7322: $? = 0
configure:7360: result: ok
configure:7397: checking for sysroot
configure:7427: result: no
configure:7505: g++ -c -O2 -DNDEBUG -msse2 -mfpmath=sse   conftest.cpp >&5
configure:7508: $? = 0
configure:7697: checking for mt
configure:7713: found /bin/mt
configure:7724: result: mt
configure:7747: checking if mt is a manifest tool
configure:7753: mt '-?'
configure:7761: result: no
configure:8399: checking for ANSI C header files
configure:8419: g++ -c -O2 -DNDEBUG -msse2 -mfpmath=sse   conftest.cpp >&5
configure:8419: $? = 0
./configure: line 8433: conftest.cpp: command not found
configure:8503: result: no
configure:8516: checking for sys/types.h
configure:8516: g++ -c -O2 -DNDEBUG -msse2 -mfpmath=sse   conftest.cpp >&5
configure:8516: $? = 0
configure:8516: result: yes
configure:8516: checking for sys/stat.h
configure:8516: g++ -c -O2 -DNDEBUG -msse2 -mfpmath=sse   conftest.cpp >&5
configure:8516: $? = 0
configure:8516: result: yes
configure:8516: checking for stdlib.h
configure:8516: g++ -c -O2 -DNDEBUG -msse2 -mfpmath=sse   conftest.cpp >&5
configure:8516: $? = 0
configure:8516: result: yes
configure:8516: checking for string.h
configure:8516: g++ -c -O2 -DNDEBUG -msse2 -mfpmath=sse   conftest.cpp >&5
configure:8516: $? = 0
configure:8516: result: yes
configure:8516: checking for memory.h
configure:8516: g++ -c -O2 -DNDEBUG -msse2 -mfpmath=sse   conftest.cpp >&5
configure:8516: $? = 0
configure:8516: result: yes
configure:8516: checking for strings.h
configure:8516: g++ -c -O2 -DNDEBUG -msse2 -mfpmath=sse   conftest.cpp >&5
configure:8516: $? = 0
configure:8516: result: yes
configure:8516: checking for inttypes.h
configure:8516: g++ -c -O2 -DNDEBUG -msse2 -mfpmath=sse   conftest.cpp >&5
configure:8516: $? = 0
configure:8516: result: yes
configure:8516: checking for stdint.h
configure:8516: g++ -c -O2 -DNDEBUG -msse2 -mfpmath=sse   conftest.cpp >&5
configure:8516: $? = 0
configure:8516: result: yes
configure:8516: checking for unistd.h
configure:8516: g++ -c -O2 -DNDEBUG -msse2 -mfpmath=sse   conftest.cpp >&5
configure:8516: $? = 0
configure:8516: result: yes
configure:8530: checking for dlfcn.h
configure:8530: g++ -c -O2 -DNDEBUG -msse2 -mfpmath=sse   conftest.cpp >&5
configure:8530: $? = 0
configure:8530: result: yes
configure:8746: checking for objdir
configure:8761: result: .libs
configure:9028: checking if gcc supports -fno-rtti -fno-exceptions
configure:9046: gcc -c -g -O2  -fno-rtti -fno-exceptions conftest.c >&5
cc1: warning: command line option '-fno-rtti' is valid for C++/ObjC++ but not for C
configure:9050: $? = 0
configure:9063: result: no
configure:9390: checking for gcc option to produce PIC
configure:9397: result: -fPIC -DPIC
configure:9405: checking if gcc PIC flag -fPIC -DPIC works
configure:9423: gcc -c -g -O2  -fPIC -DPIC -DPIC conftest.c >&5
configure:9427: $? = 0
configure:9440: result: yes
configure:9469: checking if gcc static flag -static works
configure:9497: result: yes
configure:9512: checking if gcc supports -c -o file.o
configure:9533: gcc -c -g -O2  -o out/conftest2.o conftest.c >&5
configure:9537: $? = 0
configure:9559: result: yes
configure:9567: checking if gcc supports -c -o file.o
configure:9614: result: yes
configure:9647: checking whether the gcc linker (/usr/bin/ld -m elf_x86_64) supports shared libraries
configure:10804: result: yes
configure:10841: checking whether -lc should be explicitly linked in
configure:10849: gcc -c -g -O2  conftest.c >&5
configure:10852: $? = 0
configure:10867: gcc -shared  -fPIC -DPIC conftest.o  -v -Wl,-soname -Wl,conftest -o conftest 2\>\&1 \| /bin/grep  -lc  \>/dev/null 2\>\&1
configure:10870: $? = 0
configure:10884: result: no
configure:11044: checking dynamic linker characteristics
configure:11544: gcc -o conftest -g -O2   -Wl,-rpath -Wl,/foo conftest.c  >&5
configure:11544: $? = 0
configure:11778: result: GNU/Linux ld.so
configure:11885: checking how to hardcode library paths into programs
configure:11910: result: immediate
configure:12450: checking whether stripping libraries is possible
configure:12455: result: yes
configure:12490: checking if libtool supports shared libraries
configure:12492: result: yes
configure:12495: checking whether to build shared libraries
configure:12516: result: yes
configure:12519: checking whether to build static libraries
configure:12523: result: yes
configure:12546: checking how to run the C++ preprocessor
configure:12573: g++ -E  conftest.cpp
configure:12573: $? = 0
configure:12587: g++ -E  conftest.cpp
conftest.cpp:22:28: fatal error: ac_nonexistent.h: No such file or directory
compilation terminated.
configure:12587: $? = 1
configure: failed program was:
| /* confdefs.h */
| #define PACKAGE_NAME "sumo"
| #define PACKAGE_TARNAME "sumo"
| #define PACKAGE_VERSION "0.25.0"
| #define PACKAGE_STRING "sumo 0.25.0"
| #define PACKAGE_BUGREPORT ""
| #define PACKAGE_URL ""
| #define PACKAGE "sumo"
| #define VERSION "0.25.0"
| #define HAVE_SYS_TYPES_H 1
| #define HAVE_SYS_STAT_H 1
| #define HAVE_STDLIB_H 1
| #define HAVE_STRING_H 1
| #define HAVE_MEMORY_H 1
| #define HAVE_STRINGS_H 1
| #define HAVE_INTTYPES_H 1
| #define HAVE_STDINT_H 1
| #define HAVE_UNISTD_H 1
| #define HAVE_DLFCN_H 1
| #define LT_OBJDIR ".libs/"
| /* end confdefs.h.  */
| #include <ac_nonexistent.h>
configure:12612: result: g++ -E
configure:12632: g++ -E  conftest.cpp
configure:12632: $? = 0
configure:12646: g++ -E  conftest.cpp
conftest.cpp:22:28: fatal error: ac_nonexistent.h: No such file or directory
compilation terminated.
configure:12646: $? = 1
configure: failed program was:
| /* confdefs.h */
| #define PACKAGE_NAME "sumo"
| #define PACKAGE_TARNAME "sumo"
| #define PACKAGE_VERSION "0.25.0"
| #define PACKAGE_STRING "sumo 0.25.0"
| #define PACKAGE_BUGREPORT ""
| #define PACKAGE_URL ""
| #define PACKAGE "sumo"
| #define VERSION "0.25.0"
| #define HAVE_SYS_TYPES_H 1
| #define HAVE_SYS_STAT_H 1
| #define HAVE_STDLIB_H 1
| #define HAVE_STRING_H 1
| #define HAVE_MEMORY_H 1
| #define HAVE_STRINGS_H 1
| #define HAVE_INTTYPES_H 1
| #define HAVE_STDINT_H 1
| #define HAVE_UNISTD_H 1
| #define HAVE_DLFCN_H 1
| #define LT_OBJDIR ".libs/"
| /* end confdefs.h.  */
| #include <ac_nonexistent.h>
configure:12815: checking for ld used by g++
configure:12882: result: /usr/bin/ld -m elf_x86_64
configure:12889: checking if the linker (/usr/bin/ld -m elf_x86_64) is GNU ld
configure:12904: result: yes
configure:12959: checking whether the g++ linker (/usr/bin/ld -m elf_x86_64) supports shared libraries
configure:13961: result: yes
configure:13997: g++ -c -O2 -DNDEBUG -msse2 -mfpmath=sse   conftest.cpp >&5
configure:14000: $? = 0
configure:14520: checking for g++ option to produce PIC
configure:14527: result: -fPIC -DPIC
configure:14535: checking if g++ PIC flag -fPIC -DPIC works
configure:14553: g++ -c -O2 -DNDEBUG -msse2 -mfpmath=sse   -fPIC -DPIC -DPIC conftest.cpp >&5
configure:14557: $? = 0
configure:14570: result: yes
configure:14593: checking if g++ static flag -static works
configure:14621: result: yes
configure:14633: checking if g++ supports -c -o file.o
configure:14654: g++ -c -O2 -DNDEBUG -msse2 -mfpmath=sse   -o out/conftest2.o conftest.cpp >&5
configure:14658: $? = 0
configure:14680: result: yes
configure:14685: checking if g++ supports -c -o file.o
configure:14732: result: yes
configure:14762: checking whether the g++ linker (/usr/bin/ld -m elf_x86_64) supports shared libraries
configure:14801: result: yes
configure:14942: checking dynamic linker characteristics
configure:15610: result: GNU/Linux ld.so
configure:15663: checking how to hardcode library paths into programs
configure:15688: result: immediate
configure:15968: checking for pkg-config
configure:15986: found /usr/bin/pkg-config
configure:15998: result: /usr/bin/pkg-config
configure:16023: checking pkg-config is at least version 0.9.0
configure:16026: result: yes
configure:16036: checking for XERCES
configure:16043: $PKG_CONFIG --exists --print-errors "xerces-c >= 3.0"
configure:16046: $? = 0
configure:16060: $PKG_CONFIG --exists --print-errors "xerces-c >= 3.0"
configure:16063: $? = 0
configure:16105: result: yes
configure:16178: checking for main in -lxerces-c-3.0
configure:16197: g++ -o conftest -O2 -DNDEBUG -msse2 -mfpmath=sse   -L/usr/local/lib conftest.cpp -lxerces-c-3.0   >&5
configure:16197: $? = 0
configure:16207: result: yes
configure:16242: checking xercesc/util/XercesVersion.hpp usability
configure:16242: g++ -c -O2 -DNDEBUG -msse2 -mfpmath=sse  -I/usr/local/include/xercesc conftest.cpp >&5
configure:16242: $? = 0
configure:16242: result: yes
configure:16242: checking xercesc/util/XercesVersion.hpp presence
configure:16242: g++ -E -I/usr/local/include/xercesc conftest.cpp
configure:16242: $? = 0
configure:16242: result: yes
configure:16242: checking for xercesc/util/XercesVersion.hpp
configure:16242: result: yes
configure:16282: checking for main in -lproj
configure:16301: g++ -o conftest -O2 -DNDEBUG -msse2 -mfpmath=sse    conftest.cpp -lproj   >&5
configure:16301: $? = 0
configure:16310: result: yes
configure:16370: checking proj_api.h usability
configure:16370: g++ -c -O2 -DNDEBUG -msse2 -mfpmath=sse   conftest.cpp >&5
configure:16370: $? = 0
configure:16370: result: yes
configure:16370: checking proj_api.h presence
configure:16370: g++ -E  conftest.cpp
configure:16370: $? = 0
configure:16370: result: yes
configure:16370: checking for proj_api.h
configure:16370: result: yes
configure:16416: checking for gdal-config
configure:16434: found /usr/bin/gdal-config
configure:16446: result: /usr/bin/gdal-config
configure:16477: checking ogr_api.h usability
configure:16477: g++ -c -O2 -DNDEBUG -msse2 -mfpmath=sse  -I/usr/include/gdal conftest.cpp >&5
In file included from /usr/include/gdal/cpl_port.h:81:0,
                 from /usr/include/gdal/cpl_progress.h:33,
                 from /usr/include/gdal/ogr_api.h:43,
                 from conftest.cpp:65:
/usr/include/gdal/cpl_config.h:204:0: warning: "PACKAGE_NAME" redefined
 #define PACKAGE_NAME ""
 ^
conftest.cpp:2:0: note: this is the location of the previous definition
 #define PACKAGE_NAME "sumo"
 ^
In file included from /usr/include/gdal/cpl_port.h:81:0,
                 from /usr/include/gdal/cpl_progress.h:33,
                 from /usr/include/gdal/ogr_api.h:43,
                 from conftest.cpp:65:
/usr/include/gdal/cpl_config.h:207:0: warning: "PACKAGE_STRING" redefined
 #define PACKAGE_STRING ""
 ^
conftest.cpp:5:0: note: this is the location of the previous definition
 #define PACKAGE_STRING "sumo 0.25.0"
 ^
In file included from /usr/include/gdal/cpl_port.h:81:0,
                 from /usr/include/gdal/cpl_progress.h:33,
                 from /usr/include/gdal/ogr_api.h:43,
                 from conftest.cpp:65:
/usr/include/gdal/cpl_config.h:210:0: warning: "PACKAGE_TARNAME" redefined
 #define PACKAGE_TARNAME ""
 ^
conftest.cpp:3:0: note: this is the location of the previous definition
 #define PACKAGE_TARNAME "sumo"
 ^
In file included from /usr/include/gdal/cpl_port.h:81:0,
                 from /usr/include/gdal/cpl_progress.h:33,
                 from /usr/include/gdal/ogr_api.h:43,
                 from conftest.cpp:65:
/usr/include/gdal/cpl_config.h:216:0: warning: "PACKAGE_VERSION" redefined
 #define PACKAGE_VERSION ""
 ^
conftest.cpp:4:0: note: this is the location of the previous definition
 #define PACKAGE_VERSION "0.25.0"
 ^
configure:16477: $? = 0
configure:16477: result: yes
configure:16477: checking ogr_api.h presence
configure:16477: g++ -E -I/usr/include/gdal conftest.cpp
In file included from /usr/include/gdal/cpl_port.h:81:0,
                 from /usr/include/gdal/cpl_progress.h:33,
                 from /usr/include/gdal/ogr_api.h:43,
                 from conftest.cpp:32:
/usr/include/gdal/cpl_config.h:204:0: warning: "PACKAGE_NAME" redefined
 #define PACKAGE_NAME ""
 ^
conftest.cpp:2:0: note: this is the location of the previous definition
 #define PACKAGE_NAME "sumo"
 ^
In file included from /usr/include/gdal/cpl_port.h:81:0,
                 from /usr/include/gdal/cpl_progress.h:33,
                 from /usr/include/gdal/ogr_api.h:43,
                 from conftest.cpp:32:
/usr/include/gdal/cpl_config.h:207:0: warning: "PACKAGE_STRING" redefined
 #define PACKAGE_STRING ""
 ^
conftest.cpp:5:0: note: this is the location of the previous definition
 #define PACKAGE_STRING "sumo 0.25.0"
 ^
In file included from /usr/include/gdal/cpl_port.h:81:0,
                 from /usr/include/gdal/cpl_progress.h:33,
                 from /usr/include/gdal/ogr_api.h:43,
                 from conftest.cpp:32:
/usr/include/gdal/cpl_config.h:210:0: warning: "PACKAGE_TARNAME" redefined
 #define PACKAGE_TARNAME ""
 ^
conftest.cpp:3:0: note: this is the location of the previous definition
 #define PACKAGE_TARNAME "sumo"
 ^
In file included from /usr/include/gdal/cpl_port.h:81:0,
                 from /usr/include/gdal/cpl_progress.h:33,
                 from /usr/include/gdal/ogr_api.h:43,
                 from conftest.cpp:32:
/usr/include/gdal/cpl_config.h:216:0: warning: "PACKAGE_VERSION" redefined
 #define PACKAGE_VERSION ""
 ^
conftest.cpp:4:0: note: this is the location of the previous definition
 #define PACKAGE_VERSION "0.25.0"
 ^
configure:16477: $? = 0
configure:16477: result: yes
configure:16477: checking for ogr_api.h
configure:16477: result: yes
configure:16508: checking for fox-config
configure:16526: found /usr/bin/fox-config
configure:16538: result: /usr/bin/fox-config
configure:16569: checking fxver.h usability
configure:16569: g++ -c -O2 -DNDEBUG -msse2 -mfpmath=sse  -I/usr/include/fox-1.6 conftest.cpp >&5
configure:16569: $? = 0
configure:16569: result: yes
configure:16569: checking fxver.h presence
configure:16569: g++ -E -I/usr/include/fox-1.6 conftest.cpp
configure:16569: $? = 0
configure:16569: result: yes
configure:16569: checking for fxver.h
configure:16569: result: yes
configure:16608: checking for gtest-config
configure:16641: result: no
configure:16752: checking for size_t
configure:16752: g++ -c -O2 -DNDEBUG -msse2 -mfpmath=sse   conftest.cpp >&5
configure:16752: $? = 0
configure:16752: g++ -c -O2 -DNDEBUG -msse2 -mfpmath=sse   conftest.cpp >&5
conftest.cpp: In function 'int main()':
conftest.cpp:70:20: error: expected primary-expression before ')' token
 if (sizeof ((size_t)))
                    ^
configure:16752: $? = 1
configure: failed program was:
| /* confdefs.h */
| #define PACKAGE_NAME "sumo"
| #define PACKAGE_TARNAME "sumo"
| #define PACKAGE_VERSION "0.25.0"
| #define PACKAGE_STRING "sumo 0.25.0"
| #define PACKAGE_BUGREPORT ""
| #define PACKAGE_URL ""
| #define PACKAGE "sumo"
| #define VERSION "0.25.0"
| #define HAVE_SYS_TYPES_H 1
| #define HAVE_SYS_STAT_H 1
| #define HAVE_STDLIB_H 1
| #define HAVE_STRING_H 1
| #define HAVE_MEMORY_H 1
| #define HAVE_STRINGS_H 1
| #define HAVE_INTTYPES_H 1
| #define HAVE_STDINT_H 1
| #define HAVE_UNISTD_H 1
| #define HAVE_DLFCN_H 1
| #define LT_OBJDIR ".libs/"
| #define HAVE_INTERNAL_LANES 1
| #define SUMOReal double
| #define HAVE_SUBSECOND_TIMESTEPS 1
| #define POSITION_EPS (SUMOReal)0.1
| #define NUMERICAL_EPS (SUMOReal)0.001
| #define OUTPUT_ACCURACY 2
| #define GEO_OUTPUT_ACCURACY 6
| #define VERSION_STRING "0.25.0"
| #define XERCES3_SIZE_t XMLSize_t
| #define HAVE_PROJ 1
| #define HAVE_GDAL 1
| #define HAVE_FOX 1
| /* end confdefs.h.  */
| #include <stdio.h>
| #ifdef HAVE_SYS_TYPES_H
| # include <sys/types.h>
| #endif
| #ifdef HAVE_SYS_STAT_H
| # include <sys/stat.h>
| #endif
| #ifdef STDC_HEADERS
| # include <stdlib.h>
| # include <stddef.h>
| #else
| # ifdef HAVE_STDLIB_H
| #  include <stdlib.h>
| # endif
| #endif
| #ifdef HAVE_STRING_H
| # if !defined STDC_HEADERS && defined HAVE_MEMORY_H
| #  include <memory.h>
| # endif
| # include <string.h>
| #endif
| #ifdef HAVE_STRINGS_H
| # include <strings.h>
| #endif
| #ifdef HAVE_INTTYPES_H
| # include <inttypes.h>
| #endif
| #ifdef HAVE_STDINT_H
| # include <stdint.h>
| #endif
| #ifdef HAVE_UNISTD_H
| # include <unistd.h>
| #endif
| int
| main ()
| {
| if (sizeof ((size_t)))
| 	    return 0;
|   ;
|   return 0;
| }
configure:16752: result: yes
configure:16765: checking for working alloca.h
configure:16782: g++ -o conftest -O2 -DNDEBUG -msse2 -mfpmath=sse    conftest.cpp  >&5
configure:16782: $? = 0
configure:16790: result: yes
configure:16798: checking for alloca
configure:16835: g++ -o conftest -O2 -DNDEBUG -msse2 -mfpmath=sse    conftest.cpp  >&5
configure:16835: $? = 0
configure:16843: result: yes
configure:16949: checking for ANSI C header files
configure:17053: result: no
configure:17064: checking float.h usability
configure:17064: g++ -c -O2 -DNDEBUG -msse2 -mfpmath=sse   conftest.cpp >&5
configure:17064: $? = 0
configure:17064: result: yes
configure:17064: checking float.h presence
configure:17064: g++ -E  conftest.cpp
configure:17064: $? = 0
configure:17064: result: yes
configure:17064: checking for float.h
configure:17064: result: yes
configure:17064: checking limits.h usability
configure:17064: g++ -c -O2 -DNDEBUG -msse2 -mfpmath=sse   conftest.cpp >&5
configure:17064: $? = 0
configure:17064: result: yes
configure:17064: checking limits.h presence
configure:17064: g++ -E  conftest.cpp
configure:17064: $? = 0
configure:17064: result: yes
configure:17064: checking for limits.h
configure:17064: result: yes
configure:17064: checking malloc.h usability
configure:17064: g++ -c -O2 -DNDEBUG -msse2 -mfpmath=sse   conftest.cpp >&5
configure:17064: $? = 0
configure:17064: result: yes
configure:17064: checking malloc.h presence
configure:17064: g++ -E  conftest.cpp
configure:17064: $? = 0
configure:17064: result: yes
configure:17064: checking for malloc.h
configure:17064: result: yes
configure:17064: checking math.h usability
configure:17064: g++ -c -O2 -DNDEBUG -msse2 -mfpmath=sse   conftest.cpp >&5
configure:17064: $? = 0
configure:17064: result: yes
configure:17064: checking math.h presence
configure:17064: g++ -E  conftest.cpp
configure:17064: $? = 0
configure:17064: result: yes
configure:17064: checking for math.h
configure:17064: result: yes
configure:17064: checking stddef.h usability
configure:17064: g++ -c -O2 -DNDEBUG -msse2 -mfpmath=sse   conftest.cpp >&5
configure:17064: $? = 0
configure:17064: result: yes
configure:17064: checking stddef.h presence
configure:17064: g++ -E  conftest.cpp
configure:17064: $? = 0
configure:17064: result: yes
configure:17064: checking for stddef.h
configure:17064: result: yes
configure:17064: checking for stdlib.h
configure:17064: result: yes
configure:17064: checking for string.h
configure:17064: result: yes
configure:17064: checking sys/time.h usability
configure:17064: g++ -c -O2 -DNDEBUG -msse2 -mfpmath=sse   conftest.cpp >&5
configure:17064: $? = 0
configure:17064: result: yes
configure:17064: checking sys/time.h presence
configure:17064: g++ -E  conftest.cpp
configure:17064: $? = 0
configure:17064: result: yes
configure:17064: checking for sys/time.h
configure:17064: result: yes
configure:17064: checking for unistd.h
configure:17064: result: yes
configure:17064: checking wchar.h usability
configure:17064: g++ -c -O2 -DNDEBUG -msse2 -mfpmath=sse   conftest.cpp >&5
configure:17064: $? = 0
configure:17064: result: yes
configure:17064: checking wchar.h presence
configure:17064: g++ -E  conftest.cpp
configure:17064: $? = 0
configure:17064: result: yes
configure:17064: checking for wchar.h
configure:17064: result: yes
configure:17075: checking for stdbool.h that conforms to C99
configure:17142: g++ -c -O2 -DNDEBUG -msse2 -mfpmath=sse   conftest.cpp >&5
configure:17142: $? = 0
configure:17149: result: yes
configure:17151: checking for _Bool
configure:17151: g++ -c -O2 -DNDEBUG -msse2 -mfpmath=sse   conftest.cpp >&5
conftest.cpp: In function 'int main()':
conftest.cpp:82:13: error: '_Bool' was not declared in this scope
 if (sizeof (_Bool))
             ^
configure:17151: $? = 1
configure: failed program was:
| /* confdefs.h */
| #define PACKAGE_NAME "sumo"
| #define PACKAGE_TARNAME "sumo"
| #define PACKAGE_VERSION "0.25.0"
| #define PACKAGE_STRING "sumo 0.25.0"
| #define PACKAGE_BUGREPORT ""
| #define PACKAGE_URL ""
| #define PACKAGE "sumo"
| #define VERSION "0.25.0"
| #define HAVE_SYS_TYPES_H 1
| #define HAVE_SYS_STAT_H 1
| #define HAVE_STDLIB_H 1
| #define HAVE_STRING_H 1
| #define HAVE_MEMORY_H 1
| #define HAVE_STRINGS_H 1
| #define HAVE_INTTYPES_H 1
| #define HAVE_STDINT_H 1
| #define HAVE_UNISTD_H 1
| #define HAVE_DLFCN_H 1
| #define LT_OBJDIR ".libs/"
| #define HAVE_INTERNAL_LANES 1
| #define SUMOReal double
| #define HAVE_SUBSECOND_TIMESTEPS 1
| #define POSITION_EPS (SUMOReal)0.1
| #define NUMERICAL_EPS (SUMOReal)0.001
| #define OUTPUT_ACCURACY 2
| #define GEO_OUTPUT_ACCURACY 6
| #define VERSION_STRING "0.25.0"
| #define XERCES3_SIZE_t XMLSize_t
| #define HAVE_PROJ 1
| #define HAVE_GDAL 1
| #define HAVE_FOX 1
| #define HAVE_ALLOCA_H 1
| #define HAVE_ALLOCA 1
| #define HAVE_FLOAT_H 1
| #define HAVE_LIMITS_H 1
| #define HAVE_MALLOC_H 1
| #define HAVE_MATH_H 1
| #define HAVE_STDDEF_H 1
| #define HAVE_STDLIB_H 1
| #define HAVE_STRING_H 1
| #define HAVE_SYS_TIME_H 1
| #define HAVE_UNISTD_H 1
| #define HAVE_WCHAR_H 1
| /* end confdefs.h.  */
| #include <stdio.h>
| #ifdef HAVE_SYS_TYPES_H
| # include <sys/types.h>
| #endif
| #ifdef HAVE_SYS_STAT_H
| # include <sys/stat.h>
| #endif
| #ifdef STDC_HEADERS
| # include <stdlib.h>
| # include <stddef.h>
| #else
| # ifdef HAVE_STDLIB_H
| #  include <stdlib.h>
| # endif
| #endif
| #ifdef HAVE_STRING_H
| # if !defined STDC_HEADERS && defined HAVE_MEMORY_H
| #  include <memory.h>
| # endif
| # include <string.h>
| #endif
| #ifdef HAVE_STRINGS_H
| # include <strings.h>
| #endif
| #ifdef HAVE_INTTYPES_H
| # include <inttypes.h>
| #endif
| #ifdef HAVE_STDINT_H
| # include <stdint.h>
| #endif
| #ifdef HAVE_UNISTD_H
| # include <unistd.h>
| #endif
| int
| main ()
| {
| if (sizeof (_Bool))
| 	 return 0;
|   ;
|   return 0;
| }
configure:17151: result: no
configure:17168: checking for an ANSI C-conforming const
configure:17234: g++ -c -O2 -DNDEBUG -msse2 -mfpmath=sse   conftest.cpp >&5
configure:17234: $? = 0
configure:17241: result: yes
configure:17249: checking for inline
configure:17265: g++ -c -O2 -DNDEBUG -msse2 -mfpmath=sse   conftest.cpp >&5
configure:17265: $? = 0
configure:17273: result: inline
configure:17291: checking for size_t
configure:17291: result: yes
configure:17302: checking whether time.h and sys/time.h may both be included
configure:17322: g++ -c -O2 -DNDEBUG -msse2 -mfpmath=sse   conftest.cpp >&5
configure:17322: $? = 0
configure:17329: result: yes
configure:17337: checking whether struct tm is in sys/time.h or time.h
configure:17357: g++ -c -O2 -DNDEBUG -msse2 -mfpmath=sse   conftest.cpp >&5
configure:17357: $? = 0
configure:17364: result: time.h
configure:17372: checking for working volatile
configure:17391: g++ -c -O2 -DNDEBUG -msse2 -mfpmath=sse   conftest.cpp >&5
configure:17391: $? = 0
configure:17398: result: yes
configure:17407: checking for error_at_line
configure:17423: g++ -o conftest -O2 -DNDEBUG -msse2 -mfpmath=sse    conftest.cpp  >&5
configure:17423: $? = 0
configure:17431: result: yes
configure:17444: checking for stdlib.h
configure:17444: result: yes
configure:17454: checking for GNU libc compatible malloc
configure:17478: g++ -o conftest -O2 -DNDEBUG -msse2 -mfpmath=sse    conftest.cpp  >&5
configure:17478: $? = 0
configure:17478: ./conftest
configure:17478: $? = 0
configure:17488: result: yes
configure:17512: checking sys/select.h usability
configure:17512: g++ -c -O2 -DNDEBUG -msse2 -mfpmath=sse   conftest.cpp >&5
configure:17512: $? = 0
configure:17512: result: yes
configure:17512: checking sys/select.h presence
configure:17512: g++ -E  conftest.cpp
configure:17512: $? = 0
configure:17512: result: yes
configure:17512: checking for sys/select.h
configure:17512: result: yes
configure:17512: checking sys/socket.h usability
configure:17512: g++ -c -O2 -DNDEBUG -msse2 -mfpmath=sse   conftest.cpp >&5
configure:17512: $? = 0
configure:17512: result: yes
configure:17512: checking sys/socket.h presence
configure:17512: g++ -E  conftest.cpp
configure:17512: $? = 0
configure:17512: result: yes
configure:17512: checking for sys/socket.h
configure:17512: result: yes
configure:17522: checking types of arguments for select
configure:17550: g++ -c -O2 -DNDEBUG -msse2 -mfpmath=sse   conftest.cpp >&5
configure:17550: $? = 0
configure:17561: result: int,fd_set *,struct timeval *
configure:17584: checking return type of signal handlers
configure:17602: g++ -c -O2 -DNDEBUG -msse2 -mfpmath=sse   conftest.cpp >&5
conftest.cpp: In function 'int main()':
conftest.cpp:61:25: error: void value not ignored as it ought to be
 return *(signal (0, 0)) (0) == 1;
                         ^
configure:17602: $? = 1
configure: failed program was:
| /* confdefs.h */
| #define PACKAGE_NAME "sumo"
| #define PACKAGE_TARNAME "sumo"
| #define PACKAGE_VERSION "0.25.0"
| #define PACKAGE_STRING "sumo 0.25.0"
| #define PACKAGE_BUGREPORT ""
| #define PACKAGE_URL ""
| #define PACKAGE "sumo"
| #define VERSION "0.25.0"
| #define HAVE_SYS_TYPES_H 1
| #define HAVE_SYS_STAT_H 1
| #define HAVE_STDLIB_H 1
| #define HAVE_STRING_H 1
| #define HAVE_MEMORY_H 1
| #define HAVE_STRINGS_H 1
| #define HAVE_INTTYPES_H 1
| #define HAVE_STDINT_H 1
| #define HAVE_UNISTD_H 1
| #define HAVE_DLFCN_H 1
| #define LT_OBJDIR ".libs/"
| #define HAVE_INTERNAL_LANES 1
| #define SUMOReal double
| #define HAVE_SUBSECOND_TIMESTEPS 1
| #define POSITION_EPS (SUMOReal)0.1
| #define NUMERICAL_EPS (SUMOReal)0.001
| #define OUTPUT_ACCURACY 2
| #define GEO_OUTPUT_ACCURACY 6
| #define VERSION_STRING "0.25.0"
| #define XERCES3_SIZE_t XMLSize_t
| #define HAVE_PROJ 1
| #define HAVE_GDAL 1
| #define HAVE_FOX 1
| #define HAVE_ALLOCA_H 1
| #define HAVE_ALLOCA 1
| #define HAVE_FLOAT_H 1
| #define HAVE_LIMITS_H 1
| #define HAVE_MALLOC_H 1
| #define HAVE_MATH_H 1
| #define HAVE_STDDEF_H 1
| #define HAVE_STDLIB_H 1
| #define HAVE_STRING_H 1
| #define HAVE_SYS_TIME_H 1
| #define HAVE_UNISTD_H 1
| #define HAVE_WCHAR_H 1
| #define HAVE_STDBOOL_H 1
| #define TIME_WITH_SYS_TIME 1
| #define HAVE_STDLIB_H 1
| #define HAVE_MALLOC 1
| #define HAVE_SYS_SELECT_H 1
| #define HAVE_SYS_SOCKET_H 1
| #define SELECT_TYPE_ARG1 int
| #define SELECT_TYPE_ARG234 (fd_set *)
| #define SELECT_TYPE_ARG5 (struct timeval *)
| /* end confdefs.h.  */
| #include <sys/types.h>
| #include <signal.h>
| 
| int
| main ()
| {
| return *(signal (0, 0)) (0) == 1;
|   ;
|   return 0;
| }
configure:17609: result: void
configure:17617: checking whether lstat correctly handles trailing slash
configure:17643: g++ -o conftest -O2 -DNDEBUG -msse2 -mfpmath=sse    conftest.cpp  >&5
configure:17643: $? = 0
configure:17643: ./conftest
configure:17643: $? = 0
configure:17660: result: yes
configure:17679: checking whether stat accepts an empty string
configure:17699: g++ -o conftest -O2 -DNDEBUG -msse2 -mfpmath=sse    conftest.cpp  >&5
configure:17699: $? = 0
configure:17699: ./conftest
configure:17699: $? = 0
configure:17709: result: no
configure:17728: checking for floor
configure:17728: g++ -o conftest -O2 -DNDEBUG -msse2 -mfpmath=sse    conftest.cpp  >&5
configure:17728: $? = 0
configure:17728: result: yes
configure:17728: checking for getcwd
configure:17728: g++ -o conftest -O2 -DNDEBUG -msse2 -mfpmath=sse    conftest.cpp  >&5
configure:17728: $? = 0
configure:17728: result: yes
configure:17728: checking for gettimeofday
configure:17728: g++ -o conftest -O2 -DNDEBUG -msse2 -mfpmath=sse    conftest.cpp  >&5
configure:17728: $? = 0
configure:17728: result: yes
configure:17728: checking for memset
configure:17728: g++ -o conftest -O2 -DNDEBUG -msse2 -mfpmath=sse    conftest.cpp  >&5
configure:17728: $? = 0
configure:17728: result: yes
configure:17728: checking for pow
configure:17728: g++ -o conftest -O2 -DNDEBUG -msse2 -mfpmath=sse    conftest.cpp  >&5
configure:17728: $? = 0
configure:17728: result: yes
configure:17728: checking for select
configure:17728: g++ -o conftest -O2 -DNDEBUG -msse2 -mfpmath=sse    conftest.cpp  >&5
configure:17728: $? = 0
configure:17728: result: yes
configure:17728: checking for socket
configure:17728: g++ -o conftest -O2 -DNDEBUG -msse2 -mfpmath=sse    conftest.cpp  >&5
configure:17728: $? = 0
configure:17728: result: yes
configure:17728: checking for sqrt
configure:17728: g++ -o conftest -O2 -DNDEBUG -msse2 -mfpmath=sse    conftest.cpp  >&5
configure:17728: $? = 0
configure:17728: result: yes
configure:17850: checking that generated files are newer than configure
configure:17856: result: done
configure:17911: creating ./config.status

## ---------------------- ##
## Running config.status. ##
## ---------------------- ##

This file was extended by sumo config.status 0.25.0, which was
generated by GNU Autoconf 2.69.  Invocation command line was

  CONFIG_FILES    = 
  CONFIG_HEADERS  = 
  CONFIG_LINKS    = 
  CONFIG_COMMANDS = 
  $ ./config.status 

on fixie

config.status:1299: creating src/Makefile
config.status:1299: creating src/activitygen/Makefile
config.status:1299: creating src/activitygen/activities/Makefile
config.status:1299: creating src/activitygen/city/Makefile
config.status:1299: creating src/foreign/Makefile
config.status:1299: creating src/foreign/eulerspiral/Makefile
config.status:1299: creating src/foreign/gl2ps/Makefile
config.status:1299: creating src/foreign/mersenne/Makefile
config.status:1299: creating src/foreign/nvwa/Makefile
config.status:1299: creating src/foreign/polyfonts/Makefile
config.status:1299: creating src/foreign/rtree/Makefile
config.status:1299: creating src/foreign/tcpip/Makefile
config.status:1299: creating src/gui/Makefile
config.status:1299: creating src/gui/dialogs/Makefile
config.status:1299: creating src/guinetload/Makefile
config.status:1299: creating src/guisim/Makefile
config.status:1299: creating src/microsim/Makefile
config.status:1299: creating src/microsim/actions/Makefile
config.status:1299: creating src/microsim/cfmodels/Makefile
config.status:1299: creating src/microsim/devices/Makefile
config.status:1299: creating src/microsim/lcmodels/Makefile
config.status:1299: creating src/microsim/logging/Makefile
config.status:1299: creating src/microsim/output/Makefile
config.status:1299: creating src/microsim/pedestrians/Makefile
config.status:1299: creating src/microsim/traffic_lights/Makefile
config.status:1299: creating src/microsim/trigger/Makefile
config.status:1299: creating src/marouter/Makefile
config.status:1299: creating src/netbuild/Makefile
config.status:1299: creating src/netedit/Makefile
config.status:1299: creating src/netgen/Makefile
config.status:1299: creating src/netimport/Makefile
config.status:1299: creating src/netimport/vissim/Makefile
config.status:1299: creating src/netimport/vissim/tempstructs/Makefile
config.status:1299: creating src/netimport/vissim/typeloader/Makefile
config.status:1299: creating src/netload/Makefile
config.status:1299: creating src/netwrite/Makefile
config.status:1299: creating src/od/Makefile
config.status:1299: creating src/polyconvert/Makefile
config.status:1299: creating src/router/Makefile
config.status:1299: creating src/dfrouter/Makefile
config.status:1299: creating src/duarouter/Makefile
config.status:1299: creating src/jtrrouter/Makefile
config.status:1299: creating src/tools/Makefile
config.status:1299: creating src/traci_testclient/Makefile
config.status:1299: creating src/traci-server/Makefile
config.status:1299: creating src/utils/Makefile
config.status:1299: creating src/utils/common/Makefile
config.status:1299: creating src/utils/distribution/Makefile
config.status:1299: creating src/utils/emissions/Makefile
config.status:1299: creating src/utils/foxtools/Makefile
config.status:1299: creating src/utils/geom/Makefile
config.status:1299: creating src/utils/gui/Makefile
config.status:1299: creating src/utils/gui/div/Makefile
config.status:1299: creating src/utils/gui/events/Makefile
config.status:1299: creating src/utils/gui/globjects/Makefile
config.status:1299: creating src/utils/gui/images/Makefile
config.status:1299: creating src/utils/gui/settings/Makefile
config.status:1299: creating src/utils/gui/tracker/Makefile
config.status:1299: creating src/utils/gui/windows/Makefile
config.status:1299: creating src/utils/importio/Makefile
config.status:1299: creating src/utils/iodevices/Makefile
config.status:1299: creating src/utils/options/Makefile
config.status:1299: creating src/utils/shapes/Makefile
config.status:1299: creating src/utils/traci/Makefile
config.status:1299: creating src/utils/vehicle/Makefile
config.status:1299: creating src/utils/xml/Makefile
config.status:1299: creating unittest/Makefile
config.status:1299: creating unittest/src/Makefile
config.status:1299: creating unittest/src/microsim/Makefile
config.status:1299: creating unittest/src/netbuild/Makefile
config.status:1299: creating unittest/src/utils/Makefile
config.status:1299: creating unittest/src/utils/common/Makefile
config.status:1299: creating unittest/src/utils/foxtools/Makefile
config.status:1299: creating unittest/src/utils/geom/Makefile
config.status:1299: creating unittest/src/utils/iodevices/Makefile
config.status:1299: creating bin/Makefile
config.status:1299: creating Makefile
config.status:1299: creating src/config.h
config.status:1480: src/config.h is unchanged
config.status:1528: executing depfiles commands
config.status:1528: executing libtool commands
configure:20478: result: 
configure:20480: result: Optional features summary
configure:20482: result: -------------------------
configure:20484: result: Enabled: InternalLanes DoublePrecision Subsecond TRACI PROJ GDAL GUI
configure:20486: result: Disabled: Debug Profiling MemoryChecks UnitTests Python

## ---------------- ##
## Cache variables. ##
## ---------------- ##

ac_cv_build=x86_64-unknown-linux-gnu
ac_cv_c_compiler_gnu=yes
ac_cv_c_const=yes
ac_cv_c_inline=inline
ac_cv_c_volatile=yes
ac_cv_cxx_compiler_gnu=yes
ac_cv_env_CCC_set=
ac_cv_env_CCC_value=
ac_cv_env_CC_set=
ac_cv_env_CC_value=
ac_cv_env_CFLAGS_set=
ac_cv_env_CFLAGS_value=
ac_cv_env_CPPFLAGS_set=
ac_cv_env_CPPFLAGS_value=
ac_cv_env_CPP_set=
ac_cv_env_CPP_value=
ac_cv_env_CXXCPP_set=
ac_cv_env_CXXCPP_value=
ac_cv_env_CXXFLAGS_set=
ac_cv_env_CXXFLAGS_value=
ac_cv_env_CXX_set=
ac_cv_env_CXX_value=
ac_cv_env_LDFLAGS_set=
ac_cv_env_LDFLAGS_value=
ac_cv_env_LIBS_set=
ac_cv_env_LIBS_value=
ac_cv_env_PKG_CONFIG_LIBDIR_set=
ac_cv_env_PKG_CONFIG_LIBDIR_value=
ac_cv_env_PKG_CONFIG_PATH_set=
ac_cv_env_PKG_CONFIG_PATH_value=
ac_cv_env_PKG_CONFIG_set=
ac_cv_env_PKG_CONFIG_value=
ac_cv_env_XERCES_CFLAGS_set=
ac_cv_env_XERCES_CFLAGS_value=
ac_cv_env_XERCES_LIBS_set=
ac_cv_env_XERCES_LIBS_value=
ac_cv_env_build_alias_set=
ac_cv_env_build_alias_value=
ac_cv_env_host_alias_set=
ac_cv_env_host_alias_value=
ac_cv_env_target_alias_set=
ac_cv_env_target_alias_value=
ac_cv_func_alloca_works=yes
ac_cv_func_floor=yes
ac_cv_func_getcwd=yes
ac_cv_func_gettimeofday=yes
ac_cv_func_lstat_dereferences_slashed_symlink=yes
ac_cv_func_malloc_0_nonnull=yes
ac_cv_func_memset=yes
ac_cv_func_pow=yes
ac_cv_func_select=yes
ac_cv_func_select_args='int,fd_set *,struct timeval *'
ac_cv_func_socket=yes
ac_cv_func_sqrt=yes
ac_cv_func_stat_empty_string_bug=no
ac_cv_header_dlfcn_h=yes
ac_cv_header_float_h=yes
ac_cv_header_fxver_h=yes
ac_cv_header_inttypes_h=yes
ac_cv_header_limits_h=yes
ac_cv_header_malloc_h=yes
ac_cv_header_math_h=yes
ac_cv_header_memory_h=yes
ac_cv_header_ogr_api_h=yes
ac_cv_header_proj_api_h=yes
ac_cv_header_stdbool_h=yes
ac_cv_header_stdc=no
ac_cv_header_stddef_h=yes
ac_cv_header_stdint_h=yes
ac_cv_header_stdlib_h=yes
ac_cv_header_string_h=yes
ac_cv_header_strings_h=yes
ac_cv_header_sys_select_h=yes
ac_cv_header_sys_socket_h=yes
ac_cv_header_sys_stat_h=yes
ac_cv_header_sys_time_h=yes
ac_cv_header_sys_types_h=yes
ac_cv_header_time=yes
ac_cv_header_unistd_h=yes
ac_cv_header_wchar_h=yes
ac_cv_header_xercesc_util_XercesVersion_hpp=yes
ac_cv_host=x86_64-unknown-linux-gnu
ac_cv_lib_error_at_line=yes
ac_cv_lib_proj_main=yes
ac_cv_lib_xerces_c_3_0___main=yes
ac_cv_objext=o
ac_cv_path_EGREP='/bin/grep -E'
ac_cv_path_FGREP='/bin/grep -F'
ac_cv_path_FOX_CONFIG=/usr/bin/fox-config
ac_cv_path_GDAL_CONFIG=/usr/bin/gdal-config
ac_cv_path_GREP=/bin/grep
ac_cv_path_SED=/bin/sed
ac_cv_path_ac_pt_PKG_CONFIG=/usr/bin/pkg-config
ac_cv_path_install='/usr/bin/install -c'
ac_cv_path_mkdir=/bin/mkdir
ac_cv_prog_AWK=gawk
ac_cv_prog_CPP='gcc -E'
ac_cv_prog_CXXCPP='g++ -E'
ac_cv_prog_ac_ct_AR=ar
ac_cv_prog_ac_ct_CC=gcc
ac_cv_prog_ac_ct_CXX=g++
ac_cv_prog_ac_ct_MANIFEST_TOOL=mt
ac_cv_prog_ac_ct_OBJDUMP=objdump
ac_cv_prog_ac_ct_RANLIB=ranlib
ac_cv_prog_ac_ct_STRIP=strip
ac_cv_prog_cc_c89=
ac_cv_prog_cc_g=yes
ac_cv_prog_cxx_g=yes
ac_cv_prog_make_make_set=yes
ac_cv_struct_tm=time.h
ac_cv_target=x86_64-unknown-linux-gnu
ac_cv_type__Bool=no
ac_cv_type_signal=void
ac_cv_type_size_t=yes
ac_cv_working_alloca_h=yes
am_cv_CC_dependencies_compiler_type=gcc3
am_cv_CXX_dependencies_compiler_type=gcc3
am_cv_make_support_nested_variables=yes
am_cv_prog_cc_c_o=yes
am_cv_prog_tar_ustar=gnutar
lt_cv_ar_at_file=@
lt_cv_archive_cmds_need_lc=no
lt_cv_deplibs_check_method=pass_all
lt_cv_file_magic_cmd='$MAGIC_CMD'
lt_cv_file_magic_test_file=
lt_cv_ld_reload_flag=-r
lt_cv_nm_interface='BSD nm'
lt_cv_objdir=.libs
lt_cv_path_LD=/usr/bin/ld
lt_cv_path_LDCXX='/usr/bin/ld -m elf_x86_64'
lt_cv_path_NM='/usr/bin/nm -B'
lt_cv_path_mainfest_tool=no
lt_cv_prog_compiler_c_o=yes
lt_cv_prog_compiler_c_o_CXX=yes
lt_cv_prog_compiler_pic='-fPIC -DPIC'
lt_cv_prog_compiler_pic_CXX='-fPIC -DPIC'
lt_cv_prog_compiler_pic_works=yes
lt_cv_prog_compiler_pic_works_CXX=yes
lt_cv_prog_compiler_rtti_exceptions=no
lt_cv_prog_compiler_static_works=yes
lt_cv_prog_compiler_static_works_CXX=yes
lt_cv_prog_gnu_ld=yes
lt_cv_prog_gnu_ldcxx=yes
lt_cv_sharedlib_from_linklib_cmd='printf %s\n'
lt_cv_shlibpath_overrides_runpath=no
lt_cv_sys_global_symbol_pipe='sed -n -e '\''s/^.*[	 ]\([ABCDGIRSTW][ABCDGIRSTW]*\)[	 ][	 ]*\([_A-Za-z][_A-Za-z0-9]*\)$/\1 \2 \2/p'\'' | sed '\''/ __gnu_lto/d'\'''
lt_cv_sys_global_symbol_to_c_name_address='sed -n -e '\''s/^: \([^ ]*\)[ ]*$/  {\"\1\", (void *) 0},/p'\'' -e '\''s/^[ABCDGIRSTW]* \([^ ]*\) \([^ ]*\)$/  {"\2", (void *) \&\2},/p'\'''
lt_cv_sys_global_symbol_to_c_name_address_lib_prefix='sed -n -e '\''s/^: \([^ ]*\)[ ]*$/  {\"\1\", (void *) 0},/p'\'' -e '\''s/^[ABCDGIRSTW]* \([^ ]*\) \(lib[^ ]*\)$/  {"\2", (void *) \&\2},/p'\'' -e '\''s/^[ABCDGIRSTW]* \([^ ]*\) \([^ ]*\)$/  {"lib\2", (void *) \&\2},/p'\'''
lt_cv_sys_global_symbol_to_cdecl='sed -n -e '\''s/^T .* \(.*\)$/extern int \1();/p'\'' -e '\''s/^[ABCDGIRSTW]* .* \(.*\)$/extern char \1;/p'\'''
lt_cv_sys_max_cmd_len=1572864
lt_cv_to_host_file_cmd=func_convert_file_noop
lt_cv_to_tool_file_cmd=func_convert_file_noop
pkg_cv_XERCES_CFLAGS='-I/usr/local/include '
pkg_cv_XERCES_LIBS='-L/usr/local/lib -lxerces-c '

## ----------------- ##
## Output variables. ##
## ----------------- ##

ACLOCAL='${SHELL} /home/florent/Projets/rif/iTETRIS_Platform_0.2.0/sumo-0.25.0/missing aclocal-1.15'
ALLOCA=''
AMDEPBACKSLASH='\'
AMDEP_FALSE='#'
AMDEP_TRUE=''
AMTAR='$${TAR-tar}'
AM_BACKSLASH='\'
AM_CPPFLAGS='-I/home/florent/Projets/rif/iTETRIS_Platform_0.2.0/sumo-0.25.0/./src -I/usr/include/fox-1.6 -I/usr/include/gdal -I/usr/local/include/xercesc '
AM_CXXFLAGS=''
AM_DEFAULT_V='$(AM_DEFAULT_VERBOSITY)'
AM_DEFAULT_VERBOSITY='1'
AM_V='$(V)'
AR='ar'
AUTOCONF='${SHELL} /home/florent/Projets/rif/iTETRIS_Platform_0.2.0/sumo-0.25.0/missing autoconf'
AUTOHEADER='${SHELL} /home/florent/Projets/rif/iTETRIS_Platform_0.2.0/sumo-0.25.0/missing autoheader'
AUTOMAKE='${SHELL} /home/florent/Projets/rif/iTETRIS_Platform_0.2.0/sumo-0.25.0/missing automake-1.15'
AWK='gawk'
CC='gcc'
CCDEPMODE='depmode=gcc3'
CFLAGS='-g -O2'
CHECK_MEMORY_LEAKS_FALSE=''
CHECK_MEMORY_LEAKS_TRUE='#'
CPP='gcc -E'
CPPFLAGS=''
CXX='g++'
CXXCPP='g++ -E'
CXXDEPMODE='depmode=gcc3'
CXXFLAGS='-O2 -DNDEBUG -msse2 -mfpmath=sse '
CYGPATH_W='echo'
DEFS='-DHAVE_CONFIG_H'
DEPDIR='.deps'
DLLTOOL='false'
DSYMUTIL=''
DUMPBIN=''
ECHO_C=''
ECHO_N='-n'
ECHO_T=''
EGREP='/bin/grep -E'
EXEEXT=''
FGREP='/bin/grep -F'
FOX_CONFIG='/usr/bin/fox-config'
FOX_LDFLAGS='-L/usr/lib/x86_64-linux-gnu -lFOX-1.6 -lX11 -lXext -lfreetype -lXft -lXcursor -lXrender -lXfixes -lfreetype -lfontconfig -lfreetype -lGL -lGLU -ldl -lpthread -lrt -ljpeg -lpng -ltiff -lz -lGLU -lGL'
GDAL_CONFIG='/usr/bin/gdal-config'
GDAL_LDFLAGS='-L/usr/lib -lgdal'
GREP='/bin/grep'
GTEST_CONFIG=''
GTEST_LDFLAGS=''
INSTALL_DATA='${INSTALL} -m 644'
INSTALL_PROGRAM='${INSTALL}'
INSTALL_SCRIPT='${INSTALL}'
INSTALL_STRIP_PROGRAM='$(install_sh) -c -s'
INTERNAL_FALSE=''
INTERNAL_TRUE='#'
LD='/usr/bin/ld -m elf_x86_64'
LDFLAGS=''
LIBOBJS=''
LIBS=''
LIBTOOL='$(SHELL) $(top_builddir)/libtool'
LIB_XERCES='xerces-c-3.0'
LIPO=''
LN_S='ln -s'
LTLIBOBJS=''
MAKEINFO='${SHELL} /home/florent/Projets/rif/iTETRIS_Platform_0.2.0/sumo-0.25.0/missing makeinfo'
MANIFEST_TOOL=':'
MKDIR_P='/bin/mkdir -p'
NM='/usr/bin/nm -B'
NMEDIT=''
OBJDUMP='objdump'
OBJEXT='o'
OSG_LIBS=''
OTOOL64=''
OTOOL=''
PACKAGE='sumo'
PACKAGE_BUGREPORT=''
PACKAGE_NAME='sumo'
PACKAGE_STRING='sumo 0.25.0'
PACKAGE_TARNAME='sumo'
PACKAGE_URL=''
PACKAGE_VERSION='0.25.0'
PATH_SEPARATOR=':'
PKG_CONFIG='/usr/bin/pkg-config'
PKG_CONFIG_LIBDIR=''
PKG_CONFIG_PATH=''
PROJ_LDFLAGS='-lproj'
PYTHON_LIBS=''
RANLIB='ranlib'
SED='/bin/sed'
SET_MAKE=''
SHELL='/bin/bash'
STRIP='strip'
TRACI_FALSE='#'
TRACI_TRUE=''
VERSION='0.25.0'
WITH_GTEST_FALSE=''
WITH_GTEST_TRUE='#'
WITH_GUI_FALSE='#'
WITH_GUI_TRUE=''
WITH_PYTHON_FALSE=''
WITH_PYTHON_TRUE='#'
WITH_VERSION_H_FALSE=''
WITH_VERSION_H_TRUE='#'
XERCES_CFLAGS='-I/usr/local/include '
XERCES_LDFLAGS='-L/usr/local/lib'
XERCES_LIBS='-L/usr/local/lib -lxerces-c '
ac_ct_AR='ar'
ac_ct_CC='gcc'
ac_ct_CXX='g++'
ac_ct_DUMPBIN=''
am__EXEEXT_FALSE=''
am__EXEEXT_TRUE='#'
am__fastdepCC_FALSE='#'
am__fastdepCC_TRUE=''
am__fastdepCXX_FALSE='#'
am__fastdepCXX_TRUE=''
am__include='include'
am__isrc=''
am__leading_dot='.'
am__nodep='_no'
am__quote=''
am__tar='tar --format=ustar -chf - "$$tardir"'
am__untar='tar -xf -'
bindir='${exec_prefix}/bin'
build='x86_64-unknown-linux-gnu'
build_alias=''
build_cpu='x86_64'
build_os='linux-gnu'
build_vendor='unknown'
datadir='${datarootdir}'
datarootdir='${prefix}/share'
docdir='${datarootdir}/doc/${PACKAGE_TARNAME}'
dvidir='${docdir}'
exec_prefix='${prefix}'
host='x86_64-unknown-linux-gnu'
host_alias=''
host_cpu='x86_64'
host_os='linux-gnu'
host_vendor='unknown'
htmldir='${docdir}'
includedir='${prefix}/include'
infodir='${datarootdir}/info'
install_sh='${SHELL} /home/florent/Projets/rif/iTETRIS_Platform_0.2.0/sumo-0.25.0/install-sh'
libdir='${exec_prefix}/lib'
libexecdir='${exec_prefix}/libexec'
localedir='${datarootdir}/locale'
localstatedir='${prefix}/var'
mandir='${datarootdir}/man'
mkdir_p='$(MKDIR_P)'
oldincludedir='/usr/include'
pdfdir='${docdir}'
prefix='/usr/local'
program_transform_name='s,x,x,'
psdir='${docdir}'
sbindir='${exec_prefix}/sbin'
sharedstatedir='${prefix}/com'
sysconfdir='${prefix}/etc'
target='x86_64-unknown-linux-gnu'
target_alias=''
target_cpu='x86_64'
target_os='linux-gnu'
target_vendor='unknown'

## ----------- ##
## confdefs.h. ##
## ----------- ##

/* confdefs.h */
#define PACKAGE_NAME "sumo"
#define PACKAGE_TARNAME "sumo"
#define PACKAGE_VERSION "0.25.0"
#define PACKAGE_STRING "sumo 0.25.0"
#define PACKAGE_BUGREPORT ""
#define PACKAGE_URL ""
#define PACKAGE "sumo"
#define VERSION "0.25.0"
#define HAVE_SYS_TYPES_H 1
#define HAVE_SYS_STAT_H 1
#define HAVE_STDLIB_H 1
#define HAVE_STRING_H 1
#define HAVE_MEMORY_H 1
#define HAVE_STRINGS_H 1
#define HAVE_INTTYPES_H 1
#define HAVE_STDINT_H 1
#define HAVE_UNISTD_H 1
#define HAVE_DLFCN_H 1
#define LT_OBJDIR ".libs/"
#define HAVE_INTERNAL_LANES 1
#define SUMOReal double
#define HAVE_SUBSECOND_TIMESTEPS 1
#define POSITION_EPS (SUMOReal)0.1
#define NUMERICAL_EPS (SUMOReal)0.001
#define OUTPUT_ACCURACY 2
#define GEO_OUTPUT_ACCURACY 6
#define VERSION_STRING "0.25.0"
#define XERCES3_SIZE_t XMLSize_t
#define HAVE_PROJ 1
#define HAVE_GDAL 1
#define HAVE_FOX 1
#define HAVE_ALLOCA_H 1
#define HAVE_ALLOCA 1
#define HAVE_FLOAT_H 1
#define HAVE_LIMITS_H 1
#define HAVE_MALLOC_H 1
#define HAVE_MATH_H 1
#define HAVE_STDDEF_H 1
#define HAVE_STDLIB_H 1
#define HAVE_STRING_H 1
#define HAVE_SYS_TIME_H 1
#define HAVE_UNISTD_H 1
#define HAVE_WCHAR_H 1
#define HAVE_STDBOOL_H 1
#define TIME_WITH_SYS_TIME 1
#define HAVE_STDLIB_H 1
#define HAVE_MALLOC 1
#define HAVE_SYS_SELECT_H 1
#define HAVE_SYS_SOCKET_H 1
#define SELECT_TYPE_ARG1 int
#define SELECT_TYPE_ARG234 (fd_set *)
#define SELECT_TYPE_ARG5 (struct timeval *)
#define RETSIGTYPE void
#define LSTAT_FOLLOWS_SLASHED_SYMLINK 1
#define HAVE_FLOOR 1
#define HAVE_GETCWD 1
#define HAVE_GETTIMEOFDAY 1
#define HAVE_MEMSET 1
#define HAVE_POW 1
#define HAVE_SELECT 1
#define HAVE_SOCKET 1
#define HAVE_SQRT 1

configure: exit 0
