This file contains any messages produced by compilers while
running configure, to aid debugging if configure makes a mistake.

It was created by iTETRIS configure 0.1.0, which was
generated by GNU Autoconf 2.69.  Invocation command line was

  $ ./configure --enable-sumo --enable-ns3 --enable-applications --enable-log --enable-debug --with-geographic-libraries=/usr/local/lib --with-geographic-includes=/usr/local/include/GeographicLib --with-xerces-libraries=/usr/local/lib --with-xerces-includes=/usr/local/include/xercesc LDFLAGS=-pthread

## --------- ##
## Platform. ##
## --------- ##

hostname = fixie
uname -m = x86_64
uname -r = 4.4.0-22-lowlatency
uname -s = Linux
uname -v = #40-Ubuntu SMP PREEMPT Thu May 12 22:54:03 UTC 2016

/usr/bin/uname -p = unknown
/bin/uname -X     = unknown

/bin/arch              = unknown
/usr/bin/arch -k       = unknown
/usr/convex/getsysinfo = unknown
/usr/bin/hostinfo      = unknown
/bin/machine           = unknown
/usr/bin/oslevel       = unknown
/bin/universe          = unknown

PATH: /usr/local/sbin
PATH: /usr/local/bin
PATH: /usr/sbin
PATH: /usr/bin
PATH: /sbin
PATH: /bin


## ----------- ##
## Core tests. ##
## ----------- ##

configure:2491: checking build system type
configure:2505: result: x86_64-unknown-linux-gnu
configure:2525: checking host system type
configure:2538: result: x86_64-unknown-linux-gnu
configure:2558: checking target system type
configure:2571: result: x86_64-unknown-linux-gnu
configure:2618: checking for a BSD-compatible install
configure:2686: result: /usr/bin/install -c
configure:2697: checking whether build environment is sane
configure:2752: result: yes
configure:2790: WARNING: 'missing' script is too old or missing
configure:2903: checking for a thread-safe mkdir -p
configure:2942: result: /bin/mkdir -p
configure:2949: checking for gawk
configure:2965: found /usr/bin/gawk
configure:2976: result: gawk
configure:2987: checking whether make sets $(MAKE)
configure:3009: result: yes
configure:3038: checking whether make supports nested variables
configure:3055: result: yes
configure:3144: checking whether UID '0' is supported by ustar format
configure:3147: result: yes
configure:3154: checking whether GID '0' is supported by ustar format
configure:3157: result: yes
configure:3165: checking how to create a ustar tar archive
configure:3176: tar --version
tar (GNU tar) 1.28
Copyright (C) 2014 Free Software Foundation, Inc.
License GPLv3+: GNU GPL version 3 or later <http://gnu.org/licenses/gpl.html>.
This is free software: you are free to change and redistribute it.
There is NO WARRANTY, to the extent permitted by law.

Written by John Gilmore and Jay Fenlason.
configure:3179: $? = 0
configure:3219: tardir=conftest.dir && eval tar --format=ustar -chf - "$tardir" >conftest.tar
configure:3222: $? = 0
configure:3226: tar -xf - <conftest.tar
configure:3229: $? = 0
configure:3231: cat conftest.dir/file
GrepMe
configure:3234: $? = 0
configure:3247: result: gnutar
configure:3441: checking for gcc
configure:3457: found /usr/bin/gcc
configure:3468: result: gcc
configure:3697: checking for C compiler version
configure:3706: gcc --version >&5
gcc (Ubuntu 5.3.1-14ubuntu2) 5.3.1 20160413
Copyright (C) 2015 Free Software Foundation, Inc.
This is free software; see the source for copying conditions.  There is NO
warranty; not even for MERCHANTABILITY or FITNESS FOR A PARTICULAR PURPOSE.

configure:3717: $? = 0
configure:3706: gcc -v >&5
Using built-in specs.
COLLECT_GCC=gcc
COLLECT_LTO_WRAPPER=/usr/lib/gcc/x86_64-linux-gnu/5/lto-wrapper
Target: x86_64-linux-gnu
Configured with: ../src/configure -v --with-pkgversion='Ubuntu 5.3.1-14ubuntu2' --with-bugurl=file:///usr/share/doc/gcc-5/README.Bugs --enable-languages=c,ada,c++,java,go,d,fortran,objc,obj-c++ --prefix=/usr --program-suffix=-5 --enable-shared --enable-linker-build-id --libexecdir=/usr/lib --without-included-gettext --enable-threads=posix --libdir=/usr/lib --enable-nls --with-sysroot=/ --enable-clocale=gnu --enable-libstdcxx-debug --enable-libstdcxx-time=yes --with-default-libstdcxx-abi=new --enable-gnu-unique-object --disable-vtable-verify --enable-libmpx --enable-plugin --with-system-zlib --disable-browser-plugin --enable-java-awt=gtk --enable-gtk-cairo --with-java-home=/usr/lib/jvm/java-1.5.0-gcj-5-amd64/jre --enable-java-home --with-jvm-root-dir=/usr/lib/jvm/java-1.5.0-gcj-5-amd64 --with-jvm-jar-dir=/usr/lib/jvm-exports/java-1.5.0-gcj-5-amd64 --with-arch-directory=amd64 --with-ecj-jar=/usr/share/java/eclipse-ecj.jar --enable-objc-gc --enable-multiarch --disable-werror --with-arch-32=i686 --with-abi=m64 --with-multilib-list=m32,m64,mx32 --enable-multilib --with-tune=generic --enable-checking=release --build=x86_64-linux-gnu --host=x86_64-linux-gnu --target=x86_64-linux-gnu
Thread model: posix
gcc version 5.3.1 20160413 (Ubuntu 5.3.1-14ubuntu2) 
configure:3717: $? = 0
configure:3706: gcc -V >&5
gcc: error: unrecognized command line option '-V'
gcc: fatal error: no input files
compilation terminated.
configure:3717: $? = 1
configure:3706: gcc -qversion >&5
gcc: error: unrecognized command line option '-qversion'
gcc: fatal error: no input files
compilation terminated.
configure:3717: $? = 1
configure:3737: checking whether the C compiler works
configure:3759: gcc   -pthread conftest.c  >&5
configure:3763: $? = 0
configure:3811: result: yes
configure:3814: checking for C compiler default output file name
configure:3816: result: a.out
configure:3822: checking for suffix of executables
configure:3829: gcc -o conftest   -pthread conftest.c  >&5
configure:3833: $? = 0
configure:3855: result: 
configure:3877: checking whether we are cross compiling
configure:3885: gcc -o conftest   -pthread conftest.c  >&5
configure:3889: $? = 0
configure:3896: ./conftest
configure:3900: $? = 0
configure:3915: result: no
configure:3920: checking for suffix of object files
configure:3942: gcc -c   conftest.c >&5
configure:3946: $? = 0
configure:3967: result: o
configure:3971: checking whether we are using the GNU C compiler
configure:3990: gcc -c   conftest.c >&5
configure:3990: $? = 0
configure:3999: result: yes
configure:4008: checking whether gcc accepts -g
configure:4028: gcc -c -g  conftest.c >&5
configure:4028: $? = 0
configure:4069: result: yes
configure:4086: checking for gcc option to accept ISO C89
configure:4149: gcc  -c -g -O2  conftest.c >&5
configure:4149: $? = 0
configure:4162: result: none needed
configure:4187: checking whether gcc understands -c and -o together
configure:4209: gcc -c conftest.c -o conftest2.o
configure:4212: $? = 0
configure:4209: gcc -c conftest.c -o conftest2.o
configure:4212: $? = 0
configure:4224: result: yes
configure:4252: checking for style of include used by make
configure:4280: result: GNU
configure:4306: checking dependency style of gcc
configure:4417: result: gcc3
configure:4437: checking how to run the C preprocessor
configure:4468: gcc -E  conftest.c
configure:4468: $? = 0
configure:4482: gcc -E  conftest.c
conftest.c:18:28: fatal error: ac_nonexistent.h: No such file or directory
compilation terminated.
configure:4482: $? = 1
configure: failed program was:
| /* confdefs.h */
| #define PACKAGE_NAME "iTETRIS"
| #define PACKAGE_TARNAME "itetris"
| #define PACKAGE_VERSION "0.1.0"
| #define PACKAGE_STRING "iTETRIS 0.1.0"
| #define PACKAGE_BUGREPORT ""
| #define PACKAGE_URL ""
| #define PACKAGE "itetris"
| #define VERSION "0.1.0"
| #define _DEBUG 1
| #define SUMOReal float
| #define SUMO_ON 1
| #define NS3_ON 1
| #define APPLICATIONS_ON 1
| #define LOG_ON 1
| #define OUTPUT_ACCURACY 2
| /* end confdefs.h.  */
| #include <ac_nonexistent.h>
configure:4507: result: gcc -E
configure:4527: gcc -E  conftest.c
configure:4527: $? = 0
configure:4541: gcc -E  conftest.c
conftest.c:18:28: fatal error: ac_nonexistent.h: No such file or directory
compilation terminated.
configure:4541: $? = 1
configure: failed program was:
| /* confdefs.h */
| #define PACKAGE_NAME "iTETRIS"
| #define PACKAGE_TARNAME "itetris"
| #define PACKAGE_VERSION "0.1.0"
| #define PACKAGE_STRING "iTETRIS 0.1.0"
| #define PACKAGE_BUGREPORT ""
| #define PACKAGE_URL ""
| #define PACKAGE "itetris"
| #define VERSION "0.1.0"
| #define _DEBUG 1
| #define SUMOReal float
| #define SUMO_ON 1
| #define NS3_ON 1
| #define APPLICATIONS_ON 1
| #define LOG_ON 1
| #define OUTPUT_ACCURACY 2
| /* end confdefs.h.  */
| #include <ac_nonexistent.h>
configure:4627: checking for g++
configure:4643: found /usr/bin/g++
configure:4654: result: g++
configure:4681: checking for C++ compiler version
configure:4690: g++ --version >&5
g++ (Ubuntu 5.3.1-14ubuntu2) 5.3.1 20160413
Copyright (C) 2015 Free Software Foundation, Inc.
This is free software; see the source for copying conditions.  There is NO
warranty; not even for MERCHANTABILITY or FITNESS FOR A PARTICULAR PURPOSE.

configure:4701: $? = 0
configure:4690: g++ -v >&5
Using built-in specs.
COLLECT_GCC=g++
COLLECT_LTO_WRAPPER=/usr/lib/gcc/x86_64-linux-gnu/5/lto-wrapper
Target: x86_64-linux-gnu
Configured with: ../src/configure -v --with-pkgversion='Ubuntu 5.3.1-14ubuntu2' --with-bugurl=file:///usr/share/doc/gcc-5/README.Bugs --enable-languages=c,ada,c++,java,go,d,fortran,objc,obj-c++ --prefix=/usr --program-suffix=-5 --enable-shared --enable-linker-build-id --libexecdir=/usr/lib --without-included-gettext --enable-threads=posix --libdir=/usr/lib --enable-nls --with-sysroot=/ --enable-clocale=gnu --enable-libstdcxx-debug --enable-libstdcxx-time=yes --with-default-libstdcxx-abi=new --enable-gnu-unique-object --disable-vtable-verify --enable-libmpx --enable-plugin --with-system-zlib --disable-browser-plugin --enable-java-awt=gtk --enable-gtk-cairo --with-java-home=/usr/lib/jvm/java-1.5.0-gcj-5-amd64/jre --enable-java-home --with-jvm-root-dir=/usr/lib/jvm/java-1.5.0-gcj-5-amd64 --with-jvm-jar-dir=/usr/lib/jvm-exports/java-1.5.0-gcj-5-amd64 --with-arch-directory=amd64 --with-ecj-jar=/usr/share/java/eclipse-ecj.jar --enable-objc-gc --enable-multiarch --disable-werror --with-arch-32=i686 --with-abi=m64 --with-multilib-list=m32,m64,mx32 --enable-multilib --with-tune=generic --enable-checking=release --build=x86_64-linux-gnu --host=x86_64-linux-gnu --target=x86_64-linux-gnu
Thread model: posix
gcc version 5.3.1 20160413 (Ubuntu 5.3.1-14ubuntu2) 
configure:4701: $? = 0
configure:4690: g++ -V >&5
g++: error: unrecognized command line option '-V'
g++: fatal error: no input files
compilation terminated.
configure:4701: $? = 1
configure:4690: g++ -qversion >&5
g++: error: unrecognized command line option '-qversion'
g++: fatal error: no input files
compilation terminated.
configure:4701: $? = 1
configure:4705: checking whether we are using the GNU C++ compiler
configure:4724: g++ -c -g   conftest.cpp >&5
configure:4724: $? = 0
configure:4733: result: yes
configure:4742: checking whether g++ accepts -g
configure:4762: g++ -c -g  conftest.cpp >&5
configure:4762: $? = 0
configure:4803: result: yes
configure:4828: checking dependency style of g++
configure:4939: result: gcc3
configure:4955: checking whether ln -s works
configure:4959: result: yes
configure:4966: checking whether make sets $(MAKE)
configure:4988: result: yes
configure:5041: checking for ranlib
configure:5057: found /usr/bin/ranlib
configure:5068: result: ranlib
configure:5136: checking how to print strings
configure:5163: result: printf
configure:5184: checking for a sed that does not truncate output
configure:5248: result: /bin/sed
configure:5266: checking for grep that handles long lines and -e
configure:5324: result: /bin/grep
configure:5329: checking for egrep
configure:5391: result: /bin/grep -E
configure:5396: checking for fgrep
configure:5458: result: /bin/grep -F
configure:5493: checking for ld used by gcc
configure:5560: result: /usr/bin/ld
configure:5567: checking if the linker (/usr/bin/ld) is GNU ld
configure:5582: result: yes
configure:5594: checking for BSD- or MS-compatible name lister (nm)
configure:5643: result: /usr/bin/nm -B
configure:5773: checking the name lister (/usr/bin/nm -B) interface
configure:5780: gcc -c -g -O2  conftest.c >&5
configure:5783: /usr/bin/nm -B "conftest.o"
configure:5786: output
0000000000000000 B some_variable
configure:5793: result: BSD nm
configure:5797: checking the maximum length of command line arguments
configure:5928: result: 1572864
configure:5945: checking whether the shell understands some XSI constructs
configure:5955: result: yes
configure:5959: checking whether the shell understands "+="
configure:5965: result: yes
configure:6000: checking how to convert x86_64-unknown-linux-gnu file names to x86_64-unknown-linux-gnu format
configure:6040: result: func_convert_file_noop
configure:6047: checking how to convert x86_64-unknown-linux-gnu file names to toolchain format
configure:6067: result: func_convert_file_noop
configure:6074: checking for /usr/bin/ld option to reload object files
configure:6081: result: -r
configure:6155: checking for objdump
configure:6171: found /usr/bin/objdump
configure:6182: result: objdump
configure:6214: checking how to recognize dependent libraries
configure:6412: result: pass_all
configure:6497: checking for dlltool
configure:6527: result: no
configure:6557: checking how to associate runtime and link libraries
configure:6584: result: printf %s\n
configure:6645: checking for ar
configure:6661: found /usr/bin/ar
configure:6672: result: ar
configure:6709: checking for archiver @FILE support
configure:6726: gcc -c -g -O2  conftest.c >&5
configure:6726: $? = 0
configure:6729: ar cru libconftest.a @conftest.lst >&5
ar: `u' modifier ignored since `D' is the default (see `U')
configure:6732: $? = 0
configure:6737: ar cru libconftest.a @conftest.lst >&5
ar: `u' modifier ignored since `D' is the default (see `U')
ar: conftest.o: No such file or directory
configure:6740: $? = 1
configure:6752: result: @
configure:6810: checking for strip
configure:6826: found /usr/bin/strip
configure:6837: result: strip
configure:6909: checking for ranlib
configure:6936: result: ranlib
configure:7038: checking command to parse /usr/bin/nm -B output from gcc object
configure:7158: gcc -c -g -O2  conftest.c >&5
configure:7161: $? = 0
configure:7165: /usr/bin/nm -B conftest.o \| sed -n -e 's/^.*[ ]\([ABCDGIRSTW][ABCDGIRSTW]*\)[ ][ ]*\([_A-Za-z][_A-Za-z0-9]*\)$/\1 \2 \2/p' | sed '/ __gnu_lto/d' \> conftest.nm
configure:7168: $? = 0
configure:7234: gcc -o conftest -g -O2  -pthread conftest.c conftstm.o >&5
configure:7237: $? = 0
configure:7275: result: ok
configure:7312: checking for sysroot
configure:7342: result: no
configure:7419: gcc -c -g -O2  conftest.c >&5
configure:7422: $? = 0
configure:7611: checking for mt
configure:7627: found /bin/mt
configure:7638: result: mt
configure:7661: checking if mt is a manifest tool
configure:7667: mt '-?'
configure:7675: result: no
configure:8313: checking for ANSI C header files
configure:8333: gcc -c -g -O2  conftest.c >&5
configure:8333: $? = 0
configure:8406: gcc -o conftest -g -O2  -pthread conftest.c  >&5
configure:8406: $? = 0
configure:8406: ./conftest
configure:8406: $? = 0
configure:8417: result: yes
configure:8430: checking for sys/types.h
configure:8430: gcc -c -g -O2  conftest.c >&5
configure:8430: $? = 0
configure:8430: result: yes
configure:8430: checking for sys/stat.h
configure:8430: gcc -c -g -O2  conftest.c >&5
configure:8430: $? = 0
configure:8430: result: yes
configure:8430: checking for stdlib.h
configure:8430: gcc -c -g -O2  conftest.c >&5
configure:8430: $? = 0
configure:8430: result: yes
configure:8430: checking for string.h
configure:8430: gcc -c -g -O2  conftest.c >&5
configure:8430: $? = 0
configure:8430: result: yes
configure:8430: checking for memory.h
configure:8430: gcc -c -g -O2  conftest.c >&5
configure:8430: $? = 0
configure:8430: result: yes
configure:8430: checking for strings.h
configure:8430: gcc -c -g -O2  conftest.c >&5
configure:8430: $? = 0
configure:8430: result: yes
configure:8430: checking for inttypes.h
configure:8430: gcc -c -g -O2  conftest.c >&5
configure:8430: $? = 0
configure:8430: result: yes
configure:8430: checking for stdint.h
configure:8430: gcc -c -g -O2  conftest.c >&5
configure:8430: $? = 0
configure:8430: result: yes
configure:8430: checking for unistd.h
configure:8430: gcc -c -g -O2  conftest.c >&5
configure:8430: $? = 0
configure:8430: result: yes
configure:8444: checking for dlfcn.h
configure:8444: gcc -c -g -O2  conftest.c >&5
configure:8444: $? = 0
configure:8444: result: yes
configure:8661: checking for objdir
configure:8676: result: .libs
configure:8943: checking if gcc supports -fno-rtti -fno-exceptions
configure:8961: gcc -c -g -O2  -fno-rtti -fno-exceptions conftest.c >&5
cc1: warning: command line option '-fno-rtti' is valid for C++/ObjC++ but not for C
configure:8965: $? = 0
configure:8978: result: no
configure:9305: checking for gcc option to produce PIC
configure:9312: result: -fPIC -DPIC
configure:9320: checking if gcc PIC flag -fPIC -DPIC works
configure:9338: gcc -c -g -O2  -fPIC -DPIC -DPIC conftest.c >&5
configure:9342: $? = 0
configure:9355: result: yes
configure:9384: checking if gcc static flag -static works
configure:9412: result: yes
configure:9427: checking if gcc supports -c -o file.o
configure:9448: gcc -c -g -O2  -o out/conftest2.o conftest.c >&5
configure:9452: $? = 0
configure:9474: result: yes
configure:9482: checking if gcc supports -c -o file.o
configure:9529: result: yes
configure:9562: checking whether the gcc linker (/usr/bin/ld -m elf_x86_64) supports shared libraries
configure:10719: result: yes
configure:10756: checking whether -lc should be explicitly linked in
configure:10764: gcc -c -g -O2  conftest.c >&5
configure:10767: $? = 0
configure:10782: gcc -shared  -fPIC -DPIC conftest.o  -v -Wl,-soname -Wl,conftest -o conftest 2\>\&1 \| /bin/grep  -lc  \>/dev/null 2\>\&1
configure:10785: $? = 0
configure:10799: result: no
configure:10959: checking dynamic linker characteristics
configure:11459: gcc -o conftest -g -O2  -pthread -Wl,-rpath -Wl,/foo conftest.c  >&5
configure:11459: $? = 0
configure:11693: result: GNU/Linux ld.so
configure:11800: checking how to hardcode library paths into programs
configure:11825: result: immediate
configure:12365: checking whether stripping libraries is possible
configure:12370: result: yes
configure:12405: checking if libtool supports shared libraries
configure:12407: result: yes
configure:12410: checking whether to build shared libraries
configure:12431: result: yes
configure:12434: checking whether to build static libraries
configure:12438: result: yes
configure:12461: checking how to run the C++ preprocessor
configure:12488: g++ -E  conftest.cpp
configure:12488: $? = 0
configure:12502: g++ -E  conftest.cpp
conftest.cpp:30:28: fatal error: ac_nonexistent.h: No such file or directory
compilation terminated.
configure:12502: $? = 1
configure: failed program was:
| /* confdefs.h */
| #define PACKAGE_NAME "iTETRIS"
| #define PACKAGE_TARNAME "itetris"
| #define PACKAGE_VERSION "0.1.0"
| #define PACKAGE_STRING "iTETRIS 0.1.0"
| #define PACKAGE_BUGREPORT ""
| #define PACKAGE_URL ""
| #define PACKAGE "itetris"
| #define VERSION "0.1.0"
| #define _DEBUG 1
| #define SUMOReal float
| #define SUMO_ON 1
| #define NS3_ON 1
| #define APPLICATIONS_ON 1
| #define LOG_ON 1
| #define OUTPUT_ACCURACY 2
| #define STDC_HEADERS 1
| #define HAVE_SYS_TYPES_H 1
| #define HAVE_SYS_STAT_H 1
| #define HAVE_STDLIB_H 1
| #define HAVE_STRING_H 1
| #define HAVE_MEMORY_H 1
| #define HAVE_STRINGS_H 1
| #define HAVE_INTTYPES_H 1
| #define HAVE_STDINT_H 1
| #define HAVE_UNISTD_H 1
| #define HAVE_DLFCN_H 1
| #define LT_OBJDIR ".libs/"
| /* end confdefs.h.  */
| #include <ac_nonexistent.h>
configure:12527: result: g++ -E
configure:12547: g++ -E  conftest.cpp
configure:12547: $? = 0
configure:12561: g++ -E  conftest.cpp
conftest.cpp:30:28: fatal error: ac_nonexistent.h: No such file or directory
compilation terminated.
configure:12561: $? = 1
configure: failed program was:
| /* confdefs.h */
| #define PACKAGE_NAME "iTETRIS"
| #define PACKAGE_TARNAME "itetris"
| #define PACKAGE_VERSION "0.1.0"
| #define PACKAGE_STRING "iTETRIS 0.1.0"
| #define PACKAGE_BUGREPORT ""
| #define PACKAGE_URL ""
| #define PACKAGE "itetris"
| #define VERSION "0.1.0"
| #define _DEBUG 1
| #define SUMOReal float
| #define SUMO_ON 1
| #define NS3_ON 1
| #define APPLICATIONS_ON 1
| #define LOG_ON 1
| #define OUTPUT_ACCURACY 2
| #define STDC_HEADERS 1
| #define HAVE_SYS_TYPES_H 1
| #define HAVE_SYS_STAT_H 1
| #define HAVE_STDLIB_H 1
| #define HAVE_STRING_H 1
| #define HAVE_MEMORY_H 1
| #define HAVE_STRINGS_H 1
| #define HAVE_INTTYPES_H 1
| #define HAVE_STDINT_H 1
| #define HAVE_UNISTD_H 1
| #define HAVE_DLFCN_H 1
| #define LT_OBJDIR ".libs/"
| /* end confdefs.h.  */
| #include <ac_nonexistent.h>
configure:12730: checking for ld used by g++
configure:12797: result: /usr/bin/ld -m elf_x86_64
configure:12804: checking if the linker (/usr/bin/ld -m elf_x86_64) is GNU ld
configure:12819: result: yes
configure:12874: checking whether the g++ linker (/usr/bin/ld -m elf_x86_64) supports shared libraries
configure:13876: result: yes
configure:13912: g++ -c -g   conftest.cpp >&5
configure:13915: $? = 0
configure:14435: checking for g++ option to produce PIC
configure:14442: result: -fPIC -DPIC
configure:14450: checking if g++ PIC flag -fPIC -DPIC works
configure:14468: g++ -c -g   -fPIC -DPIC -DPIC conftest.cpp >&5
configure:14472: $? = 0
configure:14485: result: yes
configure:14508: checking if g++ static flag -static works
configure:14536: result: yes
configure:14548: checking if g++ supports -c -o file.o
configure:14569: g++ -c -g   -o out/conftest2.o conftest.cpp >&5
configure:14573: $? = 0
configure:14595: result: yes
configure:14600: checking if g++ supports -c -o file.o
configure:14647: result: yes
configure:14677: checking whether the g++ linker (/usr/bin/ld -m elf_x86_64) supports shared libraries
configure:14716: result: yes
configure:14857: checking dynamic linker characteristics
configure:15525: result: GNU/Linux ld.so
configure:15578: checking how to hardcode library paths into programs
configure:15603: result: immediate
configure:15722: checking for pkg-config
configure:15740: found /usr/bin/pkg-config
configure:15752: result: /usr/bin/pkg-config
configure:15777: checking pkg-config is at least version 0.9.0
configure:15780: result: yes
configure:15790: checking for XERCES
configure:15797: $PKG_CONFIG --exists --print-errors "xerces-c >= 3.0"
configure:15800: $? = 0
configure:15814: $PKG_CONFIG --exists --print-errors "xerces-c >= 3.0"
configure:15817: $? = 0
configure:15859: result: yes
configure:15971: checking for main in -lxerces-c
configure:15990: gcc -o conftest -g -O2  -L/usr/local/lib conftest.c -lxerces-c   >&5
configure:15990: $? = 0
configure:16000: result: yes
configure:16035: checking xercesc/util/XercesVersion.hpp usability
configure:16035: gcc -c -g -O2 -I/usr/local/include/xercesc conftest.c >&5
configure:16035: $? = 0
configure:16035: result: yes
configure:16035: checking xercesc/util/XercesVersion.hpp presence
configure:16035: gcc -E -I/usr/local/include/xercesc conftest.c
configure:16035: $? = 0
configure:16035: result: yes
configure:16035: checking for xercesc/util/XercesVersion.hpp
configure:16035: result: yes
configure:16113: checking for main in -lGeographic
configure:16132: gcc -o conftest -g -O2  -L/usr/local/lib conftest.c -lGeographic   >&5
configure:16132: $? = 0
configure:16142: result: yes
configure:16257: checking for size_t
configure:16257: gcc -c -g -O2 -I/usr/local/include/GeographicLib  conftest.c >&5
configure:16257: $? = 0
configure:16257: gcc -c -g -O2 -I/usr/local/include/GeographicLib  conftest.c >&5
conftest.c: In function 'main':
conftest.c:68:21: error: expected expression before ')' token
 if (sizeof ((size_t)))
                     ^
configure:16257: $? = 1
configure: failed program was:
| /* confdefs.h */
| #define PACKAGE_NAME "iTETRIS"
| #define PACKAGE_TARNAME "itetris"
| #define PACKAGE_VERSION "0.1.0"
| #define PACKAGE_STRING "iTETRIS 0.1.0"
| #define PACKAGE_BUGREPORT ""
| #define PACKAGE_URL ""
| #define PACKAGE "itetris"
| #define VERSION "0.1.0"
| #define _DEBUG 1
| #define SUMOReal float
| #define SUMO_ON 1
| #define NS3_ON 1
| #define APPLICATIONS_ON 1
| #define LOG_ON 1
| #define OUTPUT_ACCURACY 2
| #define STDC_HEADERS 1
| #define HAVE_SYS_TYPES_H 1
| #define HAVE_SYS_STAT_H 1
| #define HAVE_STDLIB_H 1
| #define HAVE_STRING_H 1
| #define HAVE_MEMORY_H 1
| #define HAVE_STRINGS_H 1
| #define HAVE_INTTYPES_H 1
| #define HAVE_STDINT_H 1
| #define HAVE_UNISTD_H 1
| #define HAVE_DLFCN_H 1
| #define LT_OBJDIR ".libs/"
| #define XERCES3_SIZE_t XMLSize_t
| #define HAVE_VERSION_H 1
| /* end confdefs.h.  */
| #include <stdio.h>
| #ifdef HAVE_SYS_TYPES_H
| # include <sys/types.h>
| #endif
| #ifdef HAVE_SYS_STAT_H
| # include <sys/stat.h>
| #endif
| #ifdef STDC_HEADERS
| # include <stdlib.h>
| # include <stddef.h>
| #else
| # ifdef HAVE_STDLIB_H
| #  include <stdlib.h>
| # endif
| #endif
| #ifdef HAVE_STRING_H
| # if !defined STDC_HEADERS && defined HAVE_MEMORY_H
| #  include <memory.h>
| # endif
| # include <string.h>
| #endif
| #ifdef HAVE_STRINGS_H
| # include <strings.h>
| #endif
| #ifdef HAVE_INTTYPES_H
| # include <inttypes.h>
| #endif
| #ifdef HAVE_STDINT_H
| # include <stdint.h>
| #endif
| #ifdef HAVE_UNISTD_H
| # include <unistd.h>
| #endif
| int
| main ()
| {
| if (sizeof ((size_t)))
| 	    return 0;
|   ;
|   return 0;
| }
configure:16257: result: yes
configure:16270: checking for working alloca.h
configure:16287: gcc -o conftest -g -O2 -I/usr/local/include/GeographicLib  -pthread conftest.c  >&5
configure:16287: $? = 0
configure:16295: result: yes
configure:16303: checking for alloca
configure:16340: gcc -o conftest -g -O2 -I/usr/local/include/GeographicLib  -pthread conftest.c  >&5
configure:16340: $? = 0
configure:16348: result: yes
configure:16454: checking for ANSI C header files
configure:16558: result: yes
configure:16569: checking float.h usability
configure:16569: gcc -c -g -O2 -I/usr/local/include/GeographicLib  conftest.c >&5
configure:16569: $? = 0
configure:16569: result: yes
configure:16569: checking float.h presence
configure:16569: gcc -E -I/usr/local/include/GeographicLib  conftest.c
configure:16569: $? = 0
configure:16569: result: yes
configure:16569: checking for float.h
configure:16569: result: yes
configure:16569: checking limits.h usability
configure:16569: gcc -c -g -O2 -I/usr/local/include/GeographicLib  conftest.c >&5
configure:16569: $? = 0
configure:16569: result: yes
configure:16569: checking limits.h presence
configure:16569: gcc -E -I/usr/local/include/GeographicLib  conftest.c
configure:16569: $? = 0
configure:16569: result: yes
configure:16569: checking for limits.h
configure:16569: result: yes
configure:16569: checking malloc.h usability
configure:16569: gcc -c -g -O2 -I/usr/local/include/GeographicLib  conftest.c >&5
configure:16569: $? = 0
configure:16569: result: yes
configure:16569: checking malloc.h presence
configure:16569: gcc -E -I/usr/local/include/GeographicLib  conftest.c
configure:16569: $? = 0
configure:16569: result: yes
configure:16569: checking for malloc.h
configure:16569: result: yes
configure:16569: checking math.h usability
configure:16569: gcc -c -g -O2 -I/usr/local/include/GeographicLib  conftest.c >&5
configure:16569: $? = 0
configure:16569: result: yes
configure:16569: checking math.h presence
configure:16569: gcc -E -I/usr/local/include/GeographicLib  conftest.c
configure:16569: $? = 0
configure:16569: result: yes
configure:16569: checking for math.h
configure:16569: result: yes
configure:16569: checking stddef.h usability
configure:16569: gcc -c -g -O2 -I/usr/local/include/GeographicLib  conftest.c >&5
configure:16569: $? = 0
configure:16569: result: yes
configure:16569: checking stddef.h presence
configure:16569: gcc -E -I/usr/local/include/GeographicLib  conftest.c
configure:16569: $? = 0
configure:16569: result: yes
configure:16569: checking for stddef.h
configure:16569: result: yes
configure:16569: checking for stdlib.h
configure:16569: result: yes
configure:16569: checking for string.h
configure:16569: result: yes
configure:16569: checking sys/time.h usability
configure:16569: gcc -c -g -O2 -I/usr/local/include/GeographicLib  conftest.c >&5
configure:16569: $? = 0
configure:16569: result: yes
configure:16569: checking sys/time.h presence
configure:16569: gcc -E -I/usr/local/include/GeographicLib  conftest.c
configure:16569: $? = 0
configure:16569: result: yes
configure:16569: checking for sys/time.h
configure:16569: result: yes
configure:16569: checking for unistd.h
configure:16569: result: yes
configure:16569: checking wchar.h usability
configure:16569: gcc -c -g -O2 -I/usr/local/include/GeographicLib  conftest.c >&5
configure:16569: $? = 0
configure:16569: result: yes
configure:16569: checking wchar.h presence
configure:16569: gcc -E -I/usr/local/include/GeographicLib  conftest.c
configure:16569: $? = 0
configure:16569: result: yes
configure:16569: checking for wchar.h
configure:16569: result: yes
configure:16580: checking for stdbool.h that conforms to C99
configure:16647: gcc -c -g -O2 -I/usr/local/include/GeographicLib  conftest.c >&5
configure:16647: $? = 0
configure:16654: result: yes
configure:16656: checking for _Bool
configure:16656: gcc -c -g -O2 -I/usr/local/include/GeographicLib  conftest.c >&5
configure:16656: $? = 0
configure:16656: gcc -c -g -O2 -I/usr/local/include/GeographicLib  conftest.c >&5
conftest.c: In function 'main':
conftest.c:81:20: error: expected expression before ')' token
 if (sizeof ((_Bool)))
                    ^
configure:16656: $? = 1
configure: failed program was:
| /* confdefs.h */
| #define PACKAGE_NAME "iTETRIS"
| #define PACKAGE_TARNAME "itetris"
| #define PACKAGE_VERSION "0.1.0"
| #define PACKAGE_STRING "iTETRIS 0.1.0"
| #define PACKAGE_BUGREPORT ""
| #define PACKAGE_URL ""
| #define PACKAGE "itetris"
| #define VERSION "0.1.0"
| #define _DEBUG 1
| #define SUMOReal float
| #define SUMO_ON 1
| #define NS3_ON 1
| #define APPLICATIONS_ON 1
| #define LOG_ON 1
| #define OUTPUT_ACCURACY 2
| #define STDC_HEADERS 1
| #define HAVE_SYS_TYPES_H 1
| #define HAVE_SYS_STAT_H 1
| #define HAVE_STDLIB_H 1
| #define HAVE_STRING_H 1
| #define HAVE_MEMORY_H 1
| #define HAVE_STRINGS_H 1
| #define HAVE_INTTYPES_H 1
| #define HAVE_STDINT_H 1
| #define HAVE_UNISTD_H 1
| #define HAVE_DLFCN_H 1
| #define LT_OBJDIR ".libs/"
| #define XERCES3_SIZE_t XMLSize_t
| #define HAVE_VERSION_H 1
| #define HAVE_ALLOCA_H 1
| #define HAVE_ALLOCA 1
| #define STDC_HEADERS 1
| #define HAVE_FLOAT_H 1
| #define HAVE_LIMITS_H 1
| #define HAVE_MALLOC_H 1
| #define HAVE_MATH_H 1
| #define HAVE_STDDEF_H 1
| #define HAVE_STDLIB_H 1
| #define HAVE_STRING_H 1
| #define HAVE_SYS_TIME_H 1
| #define HAVE_UNISTD_H 1
| #define HAVE_WCHAR_H 1
| /* end confdefs.h.  */
| #include <stdio.h>
| #ifdef HAVE_SYS_TYPES_H
| # include <sys/types.h>
| #endif
| #ifdef HAVE_SYS_STAT_H
| # include <sys/stat.h>
| #endif
| #ifdef STDC_HEADERS
| # include <stdlib.h>
| # include <stddef.h>
| #else
| # ifdef HAVE_STDLIB_H
| #  include <stdlib.h>
| # endif
| #endif
| #ifdef HAVE_STRING_H
| # if !defined STDC_HEADERS && defined HAVE_MEMORY_H
| #  include <memory.h>
| # endif
| # include <string.h>
| #endif
| #ifdef HAVE_STRINGS_H
| # include <strings.h>
| #endif
| #ifdef HAVE_INTTYPES_H
| # include <inttypes.h>
| #endif
| #ifdef HAVE_STDINT_H
| # include <stdint.h>
| #endif
| #ifdef HAVE_UNISTD_H
| # include <unistd.h>
| #endif
| int
| main ()
| {
| if (sizeof ((_Bool)))
| 	    return 0;
|   ;
|   return 0;
| }
configure:16656: result: yes
configure:16673: checking for an ANSI C-conforming const
configure:16739: gcc -c -g -O2 -I/usr/local/include/GeographicLib  conftest.c >&5
configure:16739: $? = 0
configure:16746: result: yes
configure:16754: checking for inline
configure:16770: gcc -c -g -O2 -I/usr/local/include/GeographicLib  conftest.c >&5
configure:16770: $? = 0
configure:16778: result: inline
configure:16796: checking for size_t
configure:16796: result: yes
configure:16807: checking whether time.h and sys/time.h may both be included
configure:16827: gcc -c -g -O2 -I/usr/local/include/GeographicLib  conftest.c >&5
configure:16827: $? = 0
configure:16834: result: yes
configure:16842: checking whether struct tm is in sys/time.h or time.h
configure:16862: gcc -c -g -O2 -I/usr/local/include/GeographicLib  conftest.c >&5
configure:16862: $? = 0
configure:16869: result: time.h
configure:16877: checking for working volatile
configure:16896: gcc -c -g -O2 -I/usr/local/include/GeographicLib  conftest.c >&5
configure:16896: $? = 0
configure:16903: result: yes
configure:16912: checking for error_at_line
configure:16928: gcc -o conftest -g -O2 -I/usr/local/include/GeographicLib  -pthread conftest.c  >&5
configure:16928: $? = 0
configure:16936: result: yes
configure:16949: checking for stdlib.h
configure:16949: result: yes
configure:16959: checking for GNU libc compatible malloc
configure:16983: gcc -o conftest -g -O2 -I/usr/local/include/GeographicLib  -pthread conftest.c  >&5
configure:16983: $? = 0
configure:16983: ./conftest
configure:16983: $? = 0
configure:16993: result: yes
configure:17017: checking sys/select.h usability
configure:17017: gcc -c -g -O2 -I/usr/local/include/GeographicLib  conftest.c >&5
configure:17017: $? = 0
configure:17017: result: yes
configure:17017: checking sys/select.h presence
configure:17017: gcc -E -I/usr/local/include/GeographicLib  conftest.c
configure:17017: $? = 0
configure:17017: result: yes
configure:17017: checking for sys/select.h
configure:17017: result: yes
configure:17017: checking sys/socket.h usability
configure:17017: gcc -c -g -O2 -I/usr/local/include/GeographicLib  conftest.c >&5
configure:17017: $? = 0
configure:17017: result: yes
configure:17017: checking sys/socket.h presence
configure:17017: gcc -E -I/usr/local/include/GeographicLib  conftest.c
configure:17017: $? = 0
configure:17017: result: yes
configure:17017: checking for sys/socket.h
configure:17017: result: yes
configure:17027: checking types of arguments for select
configure:17055: gcc -c -g -O2 -I/usr/local/include/GeographicLib  conftest.c >&5
configure:17055: $? = 0
configure:17066: result: int,fd_set *,struct timeval *
configure:17089: checking return type of signal handlers
configure:17107: gcc -c -g -O2 -I/usr/local/include/GeographicLib  conftest.c >&5
conftest.c: In function 'main':
conftest.c:61:9: error: void value not ignored as it ought to be
 return *(signal (0, 0)) (0) == 1;
         ^
configure:17107: $? = 1
configure: failed program was:
| /* confdefs.h */
| #define PACKAGE_NAME "iTETRIS"
| #define PACKAGE_TARNAME "itetris"
| #define PACKAGE_VERSION "0.1.0"
| #define PACKAGE_STRING "iTETRIS 0.1.0"
| #define PACKAGE_BUGREPORT ""
| #define PACKAGE_URL ""
| #define PACKAGE "itetris"
| #define VERSION "0.1.0"
| #define _DEBUG 1
| #define SUMOReal float
| #define SUMO_ON 1
| #define NS3_ON 1
| #define APPLICATIONS_ON 1
| #define LOG_ON 1
| #define OUTPUT_ACCURACY 2
| #define STDC_HEADERS 1
| #define HAVE_SYS_TYPES_H 1
| #define HAVE_SYS_STAT_H 1
| #define HAVE_STDLIB_H 1
| #define HAVE_STRING_H 1
| #define HAVE_MEMORY_H 1
| #define HAVE_STRINGS_H 1
| #define HAVE_INTTYPES_H 1
| #define HAVE_STDINT_H 1
| #define HAVE_UNISTD_H 1
| #define HAVE_DLFCN_H 1
| #define LT_OBJDIR ".libs/"
| #define XERCES3_SIZE_t XMLSize_t
| #define HAVE_VERSION_H 1
| #define HAVE_ALLOCA_H 1
| #define HAVE_ALLOCA 1
| #define STDC_HEADERS 1
| #define HAVE_FLOAT_H 1
| #define HAVE_LIMITS_H 1
| #define HAVE_MALLOC_H 1
| #define HAVE_MATH_H 1
| #define HAVE_STDDEF_H 1
| #define HAVE_STDLIB_H 1
| #define HAVE_STRING_H 1
| #define HAVE_SYS_TIME_H 1
| #define HAVE_UNISTD_H 1
| #define HAVE_WCHAR_H 1
| #define HAVE__BOOL 1
| #define HAVE_STDBOOL_H 1
| #define TIME_WITH_SYS_TIME 1
| #define HAVE_STDLIB_H 1
| #define HAVE_MALLOC 1
| #define HAVE_SYS_SELECT_H 1
| #define HAVE_SYS_SOCKET_H 1
| #define SELECT_TYPE_ARG1 int
| #define SELECT_TYPE_ARG234 (fd_set *)
| #define SELECT_TYPE_ARG5 (struct timeval *)
| /* end confdefs.h.  */
| #include <sys/types.h>
| #include <signal.h>
| 
| int
| main ()
| {
| return *(signal (0, 0)) (0) == 1;
|   ;
|   return 0;
| }
configure:17114: result: void
configure:17122: checking whether lstat correctly handles trailing slash
configure:17148: gcc -o conftest -g -O2 -I/usr/local/include/GeographicLib  -pthread conftest.c  >&5
configure:17148: $? = 0
configure:17148: ./conftest
configure:17148: $? = 0
configure:17165: result: yes
configure:17184: checking whether stat accepts an empty string
configure:17204: gcc -o conftest -g -O2 -I/usr/local/include/GeographicLib  -pthread conftest.c  >&5
configure:17204: $? = 0
configure:17204: ./conftest
configure:17204: $? = 0
configure:17214: result: no
configure:17233: checking for floor
configure:17233: gcc -o conftest -g -O2 -I/usr/local/include/GeographicLib  -pthread conftest.c  >&5
conftest.c:80:6: warning: conflicting types for built-in function 'floor'
 char floor ();
      ^
/tmp/ccYmdTEo.o: In function `main':
/home/florent/Projets/rif/iTETRIS_Platform_0.2.0/iCS/conftest.c:91: undefined reference to `floor'
collect2: error: ld returned 1 exit status
configure:17233: $? = 1
configure: failed program was:
| /* confdefs.h */
| #define PACKAGE_NAME "iTETRIS"
| #define PACKAGE_TARNAME "itetris"
| #define PACKAGE_VERSION "0.1.0"
| #define PACKAGE_STRING "iTETRIS 0.1.0"
| #define PACKAGE_BUGREPORT ""
| #define PACKAGE_URL ""
| #define PACKAGE "itetris"
| #define VERSION "0.1.0"
| #define _DEBUG 1
| #define SUMOReal float
| #define SUMO_ON 1
| #define NS3_ON 1
| #define APPLICATIONS_ON 1
| #define LOG_ON 1
| #define OUTPUT_ACCURACY 2
| #define STDC_HEADERS 1
| #define HAVE_SYS_TYPES_H 1
| #define HAVE_SYS_STAT_H 1
| #define HAVE_STDLIB_H 1
| #define HAVE_STRING_H 1
| #define HAVE_MEMORY_H 1
| #define HAVE_STRINGS_H 1
| #define HAVE_INTTYPES_H 1
| #define HAVE_STDINT_H 1
| #define HAVE_UNISTD_H 1
| #define HAVE_DLFCN_H 1
| #define LT_OBJDIR ".libs/"
| #define XERCES3_SIZE_t XMLSize_t
| #define HAVE_VERSION_H 1
| #define HAVE_ALLOCA_H 1
| #define HAVE_ALLOCA 1
| #define STDC_HEADERS 1
| #define HAVE_FLOAT_H 1
| #define HAVE_LIMITS_H 1
| #define HAVE_MALLOC_H 1
| #define HAVE_MATH_H 1
| #define HAVE_STDDEF_H 1
| #define HAVE_STDLIB_H 1
| #define HAVE_STRING_H 1
| #define HAVE_SYS_TIME_H 1
| #define HAVE_UNISTD_H 1
| #define HAVE_WCHAR_H 1
| #define HAVE__BOOL 1
| #define HAVE_STDBOOL_H 1
| #define TIME_WITH_SYS_TIME 1
| #define HAVE_STDLIB_H 1
| #define HAVE_MALLOC 1
| #define HAVE_SYS_SELECT_H 1
| #define HAVE_SYS_SOCKET_H 1
| #define SELECT_TYPE_ARG1 int
| #define SELECT_TYPE_ARG234 (fd_set *)
| #define SELECT_TYPE_ARG5 (struct timeval *)
| #define RETSIGTYPE void
| #define LSTAT_FOLLOWS_SLASHED_SYMLINK 1
| /* end confdefs.h.  */
| /* Define floor to an innocuous variant, in case <limits.h> declares floor.
|    For example, HP-UX 11i <limits.h> declares gettimeofday.  */
| #define floor innocuous_floor
| 
| /* System header to define __stub macros and hopefully few prototypes,
|     which can conflict with char floor (); below.
|     Prefer <limits.h> to <assert.h> if __STDC__ is defined, since
|     <limits.h> exists even on freestanding compilers.  */
| 
| #ifdef __STDC__
| # include <limits.h>
| #else
| # include <assert.h>
| #endif
| 
| #undef floor
| 
| /* Override any GCC internal prototype to avoid an error.
|    Use char because int might match the return type of a GCC
|    builtin and then its argument prototype would still apply.  */
| #ifdef __cplusplus
| extern "C"
| #endif
| char floor ();
| /* The GNU C library defines this for functions which it implements
|     to always fail with ENOSYS.  Some functions are actually named
|     something starting with __ and the normal name is an alias.  */
| #if defined __stub_floor || defined __stub___floor
| choke me
| #endif
| 
| int
| main ()
| {
| return floor ();
|   ;
|   return 0;
| }
configure:17233: result: no
configure:17233: checking for getcwd
configure:17233: gcc -o conftest -g -O2 -I/usr/local/include/GeographicLib  -pthread conftest.c  >&5
configure:17233: $? = 0
configure:17233: result: yes
configure:17233: checking for gettimeofday
configure:17233: gcc -o conftest -g -O2 -I/usr/local/include/GeographicLib  -pthread conftest.c  >&5
configure:17233: $? = 0
configure:17233: result: yes
configure:17233: checking for memset
configure:17233: gcc -o conftest -g -O2 -I/usr/local/include/GeographicLib  -pthread conftest.c  >&5
conftest.c:82:6: warning: conflicting types for built-in function 'memset'
 char memset ();
      ^
configure:17233: $? = 0
configure:17233: result: yes
configure:17233: checking for pow
configure:17233: gcc -o conftest -g -O2 -I/usr/local/include/GeographicLib  -pthread conftest.c  >&5
conftest.c:83:6: warning: conflicting types for built-in function 'pow'
 char pow ();
      ^
/tmp/ccfPaQnc.o: In function `main':
/home/florent/Projets/rif/iTETRIS_Platform_0.2.0/iCS/conftest.c:94: undefined reference to `pow'
collect2: error: ld returned 1 exit status
configure:17233: $? = 1
configure: failed program was:
| /* confdefs.h */
| #define PACKAGE_NAME "iTETRIS"
| #define PACKAGE_TARNAME "itetris"
| #define PACKAGE_VERSION "0.1.0"
| #define PACKAGE_STRING "iTETRIS 0.1.0"
| #define PACKAGE_BUGREPORT ""
| #define PACKAGE_URL ""
| #define PACKAGE "itetris"
| #define VERSION "0.1.0"
| #define _DEBUG 1
| #define SUMOReal float
| #define SUMO_ON 1
| #define NS3_ON 1
| #define APPLICATIONS_ON 1
| #define LOG_ON 1
| #define OUTPUT_ACCURACY 2
| #define STDC_HEADERS 1
| #define HAVE_SYS_TYPES_H 1
| #define HAVE_SYS_STAT_H 1
| #define HAVE_STDLIB_H 1
| #define HAVE_STRING_H 1
| #define HAVE_MEMORY_H 1
| #define HAVE_STRINGS_H 1
| #define HAVE_INTTYPES_H 1
| #define HAVE_STDINT_H 1
| #define HAVE_UNISTD_H 1
| #define HAVE_DLFCN_H 1
| #define LT_OBJDIR ".libs/"
| #define XERCES3_SIZE_t XMLSize_t
| #define HAVE_VERSION_H 1
| #define HAVE_ALLOCA_H 1
| #define HAVE_ALLOCA 1
| #define STDC_HEADERS 1
| #define HAVE_FLOAT_H 1
| #define HAVE_LIMITS_H 1
| #define HAVE_MALLOC_H 1
| #define HAVE_MATH_H 1
| #define HAVE_STDDEF_H 1
| #define HAVE_STDLIB_H 1
| #define HAVE_STRING_H 1
| #define HAVE_SYS_TIME_H 1
| #define HAVE_UNISTD_H 1
| #define HAVE_WCHAR_H 1
| #define HAVE__BOOL 1
| #define HAVE_STDBOOL_H 1
| #define TIME_WITH_SYS_TIME 1
| #define HAVE_STDLIB_H 1
| #define HAVE_MALLOC 1
| #define HAVE_SYS_SELECT_H 1
| #define HAVE_SYS_SOCKET_H 1
| #define SELECT_TYPE_ARG1 int
| #define SELECT_TYPE_ARG234 (fd_set *)
| #define SELECT_TYPE_ARG5 (struct timeval *)
| #define RETSIGTYPE void
| #define LSTAT_FOLLOWS_SLASHED_SYMLINK 1
| #define HAVE_GETCWD 1
| #define HAVE_GETTIMEOFDAY 1
| #define HAVE_MEMSET 1
| /* end confdefs.h.  */
| /* Define pow to an innocuous variant, in case <limits.h> declares pow.
|    For example, HP-UX 11i <limits.h> declares gettimeofday.  */
| #define pow innocuous_pow
| 
| /* System header to define __stub macros and hopefully few prototypes,
|     which can conflict with char pow (); below.
|     Prefer <limits.h> to <assert.h> if __STDC__ is defined, since
|     <limits.h> exists even on freestanding compilers.  */
| 
| #ifdef __STDC__
| # include <limits.h>
| #else
| # include <assert.h>
| #endif
| 
| #undef pow
| 
| /* Override any GCC internal prototype to avoid an error.
|    Use char because int might match the return type of a GCC
|    builtin and then its argument prototype would still apply.  */
| #ifdef __cplusplus
| extern "C"
| #endif
| char pow ();
| /* The GNU C library defines this for functions which it implements
|     to always fail with ENOSYS.  Some functions are actually named
|     something starting with __ and the normal name is an alias.  */
| #if defined __stub_pow || defined __stub___pow
| choke me
| #endif
| 
| int
| main ()
| {
| return pow ();
|   ;
|   return 0;
| }
configure:17233: result: no
configure:17233: checking for select
configure:17233: gcc -o conftest -g -O2 -I/usr/local/include/GeographicLib  -pthread conftest.c  >&5
configure:17233: $? = 0
configure:17233: result: yes
configure:17233: checking for socket
configure:17233: gcc -o conftest -g -O2 -I/usr/local/include/GeographicLib  -pthread conftest.c  >&5
configure:17233: $? = 0
configure:17233: result: yes
configure:17233: checking for sqrt
configure:17233: gcc -o conftest -g -O2 -I/usr/local/include/GeographicLib  -pthread conftest.c  >&5
conftest.c:85:6: warning: conflicting types for built-in function 'sqrt'
 char sqrt ();
      ^
/tmp/cco1KqhE.o: In function `main':
/home/florent/Projets/rif/iTETRIS_Platform_0.2.0/iCS/conftest.c:96: undefined reference to `sqrt'
collect2: error: ld returned 1 exit status
configure:17233: $? = 1
configure: failed program was:
| /* confdefs.h */
| #define PACKAGE_NAME "iTETRIS"
| #define PACKAGE_TARNAME "itetris"
| #define PACKAGE_VERSION "0.1.0"
| #define PACKAGE_STRING "iTETRIS 0.1.0"
| #define PACKAGE_BUGREPORT ""
| #define PACKAGE_URL ""
| #define PACKAGE "itetris"
| #define VERSION "0.1.0"
| #define _DEBUG 1
| #define SUMOReal float
| #define SUMO_ON 1
| #define NS3_ON 1
| #define APPLICATIONS_ON 1
| #define LOG_ON 1
| #define OUTPUT_ACCURACY 2
| #define STDC_HEADERS 1
| #define HAVE_SYS_TYPES_H 1
| #define HAVE_SYS_STAT_H 1
| #define HAVE_STDLIB_H 1
| #define HAVE_STRING_H 1
| #define HAVE_MEMORY_H 1
| #define HAVE_STRINGS_H 1
| #define HAVE_INTTYPES_H 1
| #define HAVE_STDINT_H 1
| #define HAVE_UNISTD_H 1
| #define HAVE_DLFCN_H 1
| #define LT_OBJDIR ".libs/"
| #define XERCES3_SIZE_t XMLSize_t
| #define HAVE_VERSION_H 1
| #define HAVE_ALLOCA_H 1
| #define HAVE_ALLOCA 1
| #define STDC_HEADERS 1
| #define HAVE_FLOAT_H 1
| #define HAVE_LIMITS_H 1
| #define HAVE_MALLOC_H 1
| #define HAVE_MATH_H 1
| #define HAVE_STDDEF_H 1
| #define HAVE_STDLIB_H 1
| #define HAVE_STRING_H 1
| #define HAVE_SYS_TIME_H 1
| #define HAVE_UNISTD_H 1
| #define HAVE_WCHAR_H 1
| #define HAVE__BOOL 1
| #define HAVE_STDBOOL_H 1
| #define TIME_WITH_SYS_TIME 1
| #define HAVE_STDLIB_H 1
| #define HAVE_MALLOC 1
| #define HAVE_SYS_SELECT_H 1
| #define HAVE_SYS_SOCKET_H 1
| #define SELECT_TYPE_ARG1 int
| #define SELECT_TYPE_ARG234 (fd_set *)
| #define SELECT_TYPE_ARG5 (struct timeval *)
| #define RETSIGTYPE void
| #define LSTAT_FOLLOWS_SLASHED_SYMLINK 1
| #define HAVE_GETCWD 1
| #define HAVE_GETTIMEOFDAY 1
| #define HAVE_MEMSET 1
| #define HAVE_SELECT 1
| #define HAVE_SOCKET 1
| /* end confdefs.h.  */
| /* Define sqrt to an innocuous variant, in case <limits.h> declares sqrt.
|    For example, HP-UX 11i <limits.h> declares gettimeofday.  */
| #define sqrt innocuous_sqrt
| 
| /* System header to define __stub macros and hopefully few prototypes,
|     which can conflict with char sqrt (); below.
|     Prefer <limits.h> to <assert.h> if __STDC__ is defined, since
|     <limits.h> exists even on freestanding compilers.  */
| 
| #ifdef __STDC__
| # include <limits.h>
| #else
| # include <assert.h>
| #endif
| 
| #undef sqrt
| 
| /* Override any GCC internal prototype to avoid an error.
|    Use char because int might match the return type of a GCC
|    builtin and then its argument prototype would still apply.  */
| #ifdef __cplusplus
| extern "C"
| #endif
| char sqrt ();
| /* The GNU C library defines this for functions which it implements
|     to always fail with ENOSYS.  Some functions are actually named
|     something starting with __ and the normal name is an alias.  */
| #if defined __stub_sqrt || defined __stub___sqrt
| choke me
| #endif
| 
| int
| main ()
| {
| return sqrt ();
|   ;
|   return 0;
| }
configure:17233: result: no
configure:17355: checking that generated files are newer than configure
configure:17361: result: done
configure:17396: creating ./config.status

## ---------------------- ##
## Running config.status. ##
## ---------------------- ##

This file was extended by iTETRIS config.status 0.1.0, which was
generated by GNU Autoconf 2.69.  Invocation command line was

  CONFIG_FILES    = 
  CONFIG_HEADERS  = 
  CONFIG_LINKS    = 
  CONFIG_COMMANDS = 
  $ ./config.status 

on fixie

config.status:1228: creating src/Makefile
config.status:1228: creating src/foreign/Makefile
config.status:1228: creating src/foreign/mersenne/Makefile
config.status:1228: creating src/foreign/tcpip/Makefile
config.status:1228: creating src/ics/Makefile
config.status:1228: creating src/ics/traffic_sim_communicator/Makefile
config.status:1228: creating src/ics/wirelesscom_sim_communicator/Makefile
config.status:1228: creating src/ics/wirelesscom_sim_message_tracker/Makefile
config.status:1228: creating src/ics/applications_manager/Makefile
config.status:1228: creating src/utils/Makefile
config.status:1228: creating src/utils/common/Makefile
config.status:1228: creating src/utils/iodevices/Makefile
config.status:1228: creating src/utils/options/Makefile
config.status:1228: creating src/utils/xml/Makefile
config.status:1228: creating src/ics/configfile_parsers/Makefile
config.status:1228: creating src/ics/configfile_parsers/sumoMapParser/Makefile
config.status:1228: creating src/utils/ics/geometric/Makefile
config.status:1228: creating src/utils/ics/log/Makefile
config.status:1228: creating src/utils/ics/Makefile
config.status:1228: creating src/ics/facilities/Makefile
config.status:1228: creating src/ics/facilities/mapFacilities/Makefile
config.status:1228: creating src/ics/facilities/mapFacilities/road/Makefile
config.status:1228: creating src/ics/facilities/stationFacilities/Makefile
config.status:1228: creating src/ics/facilities/messageFacilities/Makefile
config.status:1228: creating Makefile
config.status:1228: creating src/config.h
config.status:1457: executing depfiles commands
config.status:1457: executing libtool commands
configure:19911: result: 
configure:19913: result: Optional features summary
configure:19915: result: -------------------------
configure:19917: result: Enabled: Debug SumoOn ns-3On ApplicationsOn LogOn
configure:19919: result: Disabled: DoublePrecision UnitTests

## ---------------- ##
## Cache variables. ##
## ---------------- ##

ac_cv_build=x86_64-unknown-linux-gnu
ac_cv_c_compiler_gnu=yes
ac_cv_c_const=yes
ac_cv_c_inline=inline
ac_cv_c_volatile=yes
ac_cv_cxx_compiler_gnu=yes
ac_cv_env_CCC_set=
ac_cv_env_CCC_value=
ac_cv_env_CC_set=
ac_cv_env_CC_value=
ac_cv_env_CFLAGS_set=
ac_cv_env_CFLAGS_value=
ac_cv_env_CPPFLAGS_set=
ac_cv_env_CPPFLAGS_value=
ac_cv_env_CPP_set=
ac_cv_env_CPP_value=
ac_cv_env_CXXCPP_set=
ac_cv_env_CXXCPP_value=
ac_cv_env_CXXFLAGS_set=
ac_cv_env_CXXFLAGS_value=
ac_cv_env_CXX_set=
ac_cv_env_CXX_value=
ac_cv_env_LDFLAGS_set=set
ac_cv_env_LDFLAGS_value=-pthread
ac_cv_env_LIBS_set=
ac_cv_env_LIBS_value=
ac_cv_env_PKG_CONFIG_LIBDIR_set=
ac_cv_env_PKG_CONFIG_LIBDIR_value=
ac_cv_env_PKG_CONFIG_PATH_set=
ac_cv_env_PKG_CONFIG_PATH_value=
ac_cv_env_PKG_CONFIG_set=
ac_cv_env_PKG_CONFIG_value=
ac_cv_env_XERCES_CFLAGS_set=
ac_cv_env_XERCES_CFLAGS_value=
ac_cv_env_XERCES_LIBS_set=
ac_cv_env_XERCES_LIBS_value=
ac_cv_env_build_alias_set=
ac_cv_env_build_alias_value=
ac_cv_env_host_alias_set=
ac_cv_env_host_alias_value=
ac_cv_env_target_alias_set=
ac_cv_env_target_alias_value=
ac_cv_func_alloca_works=yes
ac_cv_func_floor=no
ac_cv_func_getcwd=yes
ac_cv_func_gettimeofday=yes
ac_cv_func_lstat_dereferences_slashed_symlink=yes
ac_cv_func_malloc_0_nonnull=yes
ac_cv_func_memset=yes
ac_cv_func_pow=no
ac_cv_func_select=yes
ac_cv_func_select_args='int,fd_set *,struct timeval *'
ac_cv_func_socket=yes
ac_cv_func_sqrt=no
ac_cv_func_stat_empty_string_bug=no
ac_cv_header_dlfcn_h=yes
ac_cv_header_float_h=yes
ac_cv_header_inttypes_h=yes
ac_cv_header_limits_h=yes
ac_cv_header_malloc_h=yes
ac_cv_header_math_h=yes
ac_cv_header_memory_h=yes
ac_cv_header_stdbool_h=yes
ac_cv_header_stdc=yes
ac_cv_header_stddef_h=yes
ac_cv_header_stdint_h=yes
ac_cv_header_stdlib_h=yes
ac_cv_header_string_h=yes
ac_cv_header_strings_h=yes
ac_cv_header_sys_select_h=yes
ac_cv_header_sys_socket_h=yes
ac_cv_header_sys_stat_h=yes
ac_cv_header_sys_time_h=yes
ac_cv_header_sys_types_h=yes
ac_cv_header_time=yes
ac_cv_header_unistd_h=yes
ac_cv_header_wchar_h=yes
ac_cv_header_xercesc_util_XercesVersion_hpp=yes
ac_cv_host=x86_64-unknown-linux-gnu
ac_cv_lib_Geographic___main=yes
ac_cv_lib_error_at_line=yes
ac_cv_lib_xerces_c___main=yes
ac_cv_objext=o
ac_cv_path_EGREP='/bin/grep -E'
ac_cv_path_FGREP='/bin/grep -F'
ac_cv_path_GREP=/bin/grep
ac_cv_path_SED=/bin/sed
ac_cv_path_ac_pt_PKG_CONFIG=/usr/bin/pkg-config
ac_cv_path_install='/usr/bin/install -c'
ac_cv_path_mkdir=/bin/mkdir
ac_cv_prog_AWK=gawk
ac_cv_prog_CPP='gcc -E'
ac_cv_prog_CXXCPP='g++ -E'
ac_cv_prog_ac_ct_AR=ar
ac_cv_prog_ac_ct_CC=gcc
ac_cv_prog_ac_ct_CXX=g++
ac_cv_prog_ac_ct_MANIFEST_TOOL=mt
ac_cv_prog_ac_ct_OBJDUMP=objdump
ac_cv_prog_ac_ct_RANLIB=ranlib
ac_cv_prog_ac_ct_STRIP=strip
ac_cv_prog_cc_c89=
ac_cv_prog_cc_g=yes
ac_cv_prog_cxx_g=yes
ac_cv_prog_make_make_set=yes
ac_cv_struct_tm=time.h
ac_cv_target=x86_64-unknown-linux-gnu
ac_cv_type__Bool=yes
ac_cv_type_signal=void
ac_cv_type_size_t=yes
ac_cv_working_alloca_h=yes
am_cv_CC_dependencies_compiler_type=gcc3
am_cv_CXX_dependencies_compiler_type=gcc3
am_cv_make_support_nested_variables=yes
am_cv_prog_cc_c_o=yes
am_cv_prog_tar_ustar=gnutar
lt_cv_ar_at_file=@
lt_cv_archive_cmds_need_lc=no
lt_cv_deplibs_check_method=pass_all
lt_cv_file_magic_cmd='$MAGIC_CMD'
lt_cv_file_magic_test_file=
lt_cv_ld_reload_flag=-r
lt_cv_nm_interface='BSD nm'
lt_cv_objdir=.libs
lt_cv_path_LD=/usr/bin/ld
lt_cv_path_LDCXX='/usr/bin/ld -m elf_x86_64'
lt_cv_path_NM='/usr/bin/nm -B'
lt_cv_path_mainfest_tool=no
lt_cv_prog_compiler_c_o=yes
lt_cv_prog_compiler_c_o_CXX=yes
lt_cv_prog_compiler_pic='-fPIC -DPIC'
lt_cv_prog_compiler_pic_CXX='-fPIC -DPIC'
lt_cv_prog_compiler_pic_works=yes
lt_cv_prog_compiler_pic_works_CXX=yes
lt_cv_prog_compiler_rtti_exceptions=no
lt_cv_prog_compiler_static_works=yes
lt_cv_prog_compiler_static_works_CXX=yes
lt_cv_prog_gnu_ld=yes
lt_cv_prog_gnu_ldcxx=yes
lt_cv_sharedlib_from_linklib_cmd='printf %s\n'
lt_cv_shlibpath_overrides_runpath=no
lt_cv_sys_global_symbol_pipe='sed -n -e '\''s/^.*[	 ]\([ABCDGIRSTW][ABCDGIRSTW]*\)[	 ][	 ]*\([_A-Za-z][_A-Za-z0-9]*\)$/\1 \2 \2/p'\'' | sed '\''/ __gnu_lto/d'\'''
lt_cv_sys_global_symbol_to_c_name_address='sed -n -e '\''s/^: \([^ ]*\)[ ]*$/  {\"\1\", (void *) 0},/p'\'' -e '\''s/^[ABCDGIRSTW]* \([^ ]*\) \([^ ]*\)$/  {"\2", (void *) \&\2},/p'\'''
lt_cv_sys_global_symbol_to_c_name_address_lib_prefix='sed -n -e '\''s/^: \([^ ]*\)[ ]*$/  {\"\1\", (void *) 0},/p'\'' -e '\''s/^[ABCDGIRSTW]* \([^ ]*\) \(lib[^ ]*\)$/  {"\2", (void *) \&\2},/p'\'' -e '\''s/^[ABCDGIRSTW]* \([^ ]*\) \([^ ]*\)$/  {"lib\2", (void *) \&\2},/p'\'''
lt_cv_sys_global_symbol_to_cdecl='sed -n -e '\''s/^T .* \(.*\)$/extern int \1();/p'\'' -e '\''s/^[ABCDGIRSTW]* .* \(.*\)$/extern char \1;/p'\'''
lt_cv_sys_max_cmd_len=1572864
lt_cv_to_host_file_cmd=func_convert_file_noop
lt_cv_to_tool_file_cmd=func_convert_file_noop
pkg_cv_XERCES_CFLAGS=-I/usr/local/include
pkg_cv_XERCES_LIBS='-L/usr/local/lib -lxerces-c'

## ----------------- ##
## Output variables. ##
## ----------------- ##

ACLOCAL='aclocal-1.15'
ALLOCA=''
AMDEPBACKSLASH='\'
AMDEP_FALSE='#'
AMDEP_TRUE=''
AMTAR='$${TAR-tar}'
AM_BACKSLASH='\'
AM_CPPFLAGS='-I/home/florent/Projets/rif/iTETRIS_Platform_0.2.0/iCS/./src -I/usr/local/include/xercesc '
AM_CXXFLAGS=''
AM_DEFAULT_V='$(AM_DEFAULT_VERBOSITY)'
AM_DEFAULT_VERBOSITY='1'
AM_V='$(V)'
AR='ar'
AUTOCONF='autoconf'
AUTOHEADER='autoheader'
AUTOMAKE='automake-1.15'
AWK='gawk'
CC='gcc'
CCDEPMODE='depmode=gcc3'
CFLAGS='-g -O2'
CPP='gcc -E'
CPPFLAGS='-I/usr/local/include/GeographicLib '
CXX='g++'
CXXCPP='g++ -E'
CXXDEPMODE='depmode=gcc3'
CXXFLAGS='-g '
CYGPATH_W='echo'
DEFS='-DHAVE_CONFIG_H'
DEPDIR='.deps'
DLLTOOL='false'
DSYMUTIL=''
DUMPBIN=''
ECHO_C=''
ECHO_N='-n'
ECHO_T=''
EGREP='/bin/grep -E'
EXEEXT=''
FGREP='/bin/grep -F'
GEOGRAPHIC_LDFLAGS='-L/usr/local/lib'
GREP='/bin/grep'
GTEST_LDFLAGS=''
INSTALL_DATA='${INSTALL} -m 644'
INSTALL_PROGRAM='${INSTALL}'
INSTALL_SCRIPT='${INSTALL}'
INSTALL_STRIP_PROGRAM='$(install_sh) -c -s'
LD='/usr/bin/ld -m elf_x86_64'
LDFLAGS='-pthread'
LIBOBJS=''
LIBS=''
LIBTOOL='$(SHELL) $(top_builddir)/libtool'
LIB_GEOGRAPHIC='Geographic'
LIB_GTEST=''
LIB_XERCES='xerces-c'
LIPO=''
LN_S='ln -s'
LTLIBOBJS=''
MAKEINFO='makeinfo'
MANIFEST_TOOL=':'
MKDIR_P='/bin/mkdir -p'
NM='/usr/bin/nm -B'
NMEDIT=''
OBJDUMP='objdump'
OBJEXT='o'
OTOOL64=''
OTOOL=''
PACKAGE='itetris'
PACKAGE_BUGREPORT=''
PACKAGE_NAME='iTETRIS'
PACKAGE_STRING='iTETRIS 0.1.0'
PACKAGE_TARNAME='itetris'
PACKAGE_URL=''
PACKAGE_VERSION='0.1.0'
PATH_SEPARATOR=':'
PKG_CONFIG='/usr/bin/pkg-config'
PKG_CONFIG_LIBDIR=''
PKG_CONFIG_PATH=''
RANLIB='ranlib'
SED='/bin/sed'
SET_MAKE=''
SHELL='/bin/bash'
STRIP='strip'
VERSION='0.1.0'
WITH_GTEST_FALSE=''
WITH_GTEST_TRUE='#'
WITH_VERSION_H_FALSE='#'
WITH_VERSION_H_TRUE=''
XERCES_CFLAGS='-I/usr/local/include'
XERCES_LDFLAGS='-L/usr/local/lib'
XERCES_LIBS='-L/usr/local/lib -lxerces-c'
ac_ct_AR='ar'
ac_ct_CC='gcc'
ac_ct_CXX='g++'
ac_ct_DUMPBIN=''
am__EXEEXT_FALSE=''
am__EXEEXT_TRUE='#'
am__fastdepCC_FALSE='#'
am__fastdepCC_TRUE=''
am__fastdepCXX_FALSE='#'
am__fastdepCXX_TRUE=''
am__include='include'
am__isrc=''
am__leading_dot='.'
am__nodep='_no'
am__quote=''
am__tar='tar --format=ustar -chf - "$$tardir"'
am__untar='tar -xf -'
bindir='${exec_prefix}/bin'
build='x86_64-unknown-linux-gnu'
build_alias=''
build_cpu='x86_64'
build_os='linux-gnu'
build_vendor='unknown'
datadir='${datarootdir}'
datarootdir='${prefix}/share'
docdir='${datarootdir}/doc/${PACKAGE_TARNAME}'
dvidir='${docdir}'
exec_prefix='${prefix}'
host='x86_64-unknown-linux-gnu'
host_alias=''
host_cpu='x86_64'
host_os='linux-gnu'
host_vendor='unknown'
htmldir='${docdir}'
includedir='${prefix}/include'
infodir='${datarootdir}/info'
install_sh='${SHELL} /home/florent/Projets/rif/iTETRIS_Platform_0.2.0/iCS/install-sh'
libdir='${exec_prefix}/lib'
libexecdir='${exec_prefix}/libexec'
localedir='${datarootdir}/locale'
localstatedir='${prefix}/var'
mandir='${datarootdir}/man'
mkdir_p='$(MKDIR_P)'
oldincludedir='/usr/include'
pdfdir='${docdir}'
prefix='/usr/local'
program_transform_name='s,x,x,'
psdir='${docdir}'
sbindir='${exec_prefix}/sbin'
sharedstatedir='${prefix}/com'
sysconfdir='${prefix}/etc'
target='x86_64-unknown-linux-gnu'
target_alias=''
target_cpu='x86_64'
target_os='linux-gnu'
target_vendor='unknown'

## ----------- ##
## confdefs.h. ##
## ----------- ##

/* confdefs.h */
#define PACKAGE_NAME "iTETRIS"
#define PACKAGE_TARNAME "itetris"
#define PACKAGE_VERSION "0.1.0"
#define PACKAGE_STRING "iTETRIS 0.1.0"
#define PACKAGE_BUGREPORT ""
#define PACKAGE_URL ""
#define PACKAGE "itetris"
#define VERSION "0.1.0"
#define _DEBUG 1
#define SUMOReal float
#define SUMO_ON 1
#define NS3_ON 1
#define APPLICATIONS_ON 1
#define LOG_ON 1
#define OUTPUT_ACCURACY 2
#define STDC_HEADERS 1
#define HAVE_SYS_TYPES_H 1
#define HAVE_SYS_STAT_H 1
#define HAVE_STDLIB_H 1
#define HAVE_STRING_H 1
#define HAVE_MEMORY_H 1
#define HAVE_STRINGS_H 1
#define HAVE_INTTYPES_H 1
#define HAVE_STDINT_H 1
#define HAVE_UNISTD_H 1
#define HAVE_DLFCN_H 1
#define LT_OBJDIR ".libs/"
#define XERCES3_SIZE_t XMLSize_t
#define HAVE_VERSION_H 1
#define HAVE_ALLOCA_H 1
#define HAVE_ALLOCA 1
#define STDC_HEADERS 1
#define HAVE_FLOAT_H 1
#define HAVE_LIMITS_H 1
#define HAVE_MALLOC_H 1
#define HAVE_MATH_H 1
#define HAVE_STDDEF_H 1
#define HAVE_STDLIB_H 1
#define HAVE_STRING_H 1
#define HAVE_SYS_TIME_H 1
#define HAVE_UNISTD_H 1
#define HAVE_WCHAR_H 1
#define HAVE__BOOL 1
#define HAVE_STDBOOL_H 1
#define TIME_WITH_SYS_TIME 1
#define HAVE_STDLIB_H 1
#define HAVE_MALLOC 1
#define HAVE_SYS_SELECT_H 1
#define HAVE_SYS_SOCKET_H 1
#define SELECT_TYPE_ARG1 int
#define SELECT_TYPE_ARG234 (fd_set *)
#define SELECT_TYPE_ARG5 (struct timeval *)
#define RETSIGTYPE void
#define LSTAT_FOLLOWS_SLASHED_SYMLINK 1
#define HAVE_GETCWD 1
#define HAVE_GETTIMEOFDAY 1
#define HAVE_MEMSET 1
#define HAVE_SELECT 1
#define HAVE_SOCKET 1

configure: exit 0
